Starting execution from address 0x359

                                                                                                                       0 /      0 |----------------|----------------|----------------|----------------|----------------|
00000359 : 51 70 00000020                   subq $32, %rsp                      %rsp <- 0xffffffffffffffe0                        |F  D rXw        |                |                |                |                |
0000035f : 7d b7 00000018                   movq %r11, 24(%rsp)                 Memory[ 0xfffffffffffffff8 ] <- 0x0               |F  D  rAV       |                |                |                |                |
00000365 : 7d c7 00000010                   movq %r12, 16(%rsp)                 Memory[ 0xfffffffffffffff0 ] <- 0x0               |F  D  rA V      |                |                |                |                |
0000036b : 7d 47 00000008                   movq %rbp, 8(%rsp)                  Memory[ 0xffffffffffffffe8 ] <- 0x0               | F  D rA  V     |                |                |                |                |
00000371 : 39 17                            movq %rbx, (%rsp)                   Memory[ 0xffffffffffffffe0 ] <- 0x0               | F  D  rA  V    |                |                |                |                |
00000373 : 64 00 00000000                   movq $0, %rax                       %rax <- 0x0                                       | F  D  rXw      |                |                |                |                |
00000379 : 4e b0 000000dd                   call 0xdd, %r11                     %r11 <- 0x37f                                     |  F  D   w      |                |                |                |                |
000000dd : 51 70 00000008                   subq $8, %rsp                       %rsp <- 0xffffffffffffffd8                        |   F  D rXw     |                |                |                |                |
000000e3 : 39 b7                            movq %r11, (%rsp)                   Memory[ 0xffffffffffffffd8 ] <- 0x37f             |   F  D  rA V   |                |                |                |                |
000000e5 : a4 b0 00000420                   leaq 0x420, %r11                    %r11 <- 0x420                                     |   F  D  rXw    |                |                |                |                |
000000eb : 64 a0 30000000                   movq $805306368, %r10               %r10 <- 0x30000000                                |    F  D rXw    |                |                |                |                |
000000f1 : 39 ab                            movq %r10, (%r11)                   Memory[ 0x420 ] <- 0x30000000                     |    F  D  rA V  |                |                |                |                |
000000f3 : 31 b7                            movq (%rsp), %r11                   %r11 <- 0x37f                                     |    F  D  rA  L | w              |                |                |                |
000000f5 : 50 70 00000008                   addq $8, %rsp                       %rsp <- 0xffffffffffffffe0                        |     F  D rXw   |                |                |                |                |
000000fb : 00 0b                            ret %r11                                                                              |     F  D       |rB              |                |                |                |
0000037f : 64 00 00000000                   movq $0, %rax                       %rax <- 0x0                                       |      F  D      |rXw             |                |                |                |
                                                                                                                      16 /      0 |----------------|----------------|----------------|----------------|----------------|
00000385 : 4e b0 00000000                   call 0x0, %r11                      %r11 <- 0x38b                                     |      F  D      |  w             |                |                |                |
00000000 : 51 70 00000008                   subq $8, %rsp                       %rsp <- 0xffffffffffffffd8                        |       F  D     |rXw             |                |                |                |
00000006 : 39 b7                            movq %r11, (%rsp)                   Memory[ 0xffffffffffffffd8 ] <- 0x38b             |       F  D     | rAV            |                |                |                |
00000008 : a4 b0 10000000                   leaq 0x10000000, %r11               %r11 <- 0x10000000                                |       F  D     | rXw            |                |                |                |
0000000e : 31 0b                            movq (%r11), %rax                   %rax <- 0x0                                       |        F  D    |  rAL  w        |                |                |                |
00000010 : 31 b7                            movq (%rsp), %r11                   %r11 <- 0x38b                                     |        F  D    |  rA L  w       |                |                |                |
00000012 : 50 70 00000008                   addq $8, %rsp                       %rsp <- 0xffffffffffffffe0                        |        F  D    |  rXw           |                |                |                |
00000018 : 00 0b                            ret %r11                                                                              |         F  D   |       rB       |                |                |                |
0000038b : 21 c0                            movq %rax, %r12                     %r12 <- 0x0                                       |          F  D  |       rXw      |                |                |                |
0000038d : 52 c0 00000001                   andq $1, %r12                       %r12 <- 0x0                                       |          F  D  |        rXw     |                |                |                |
00000393 : 52 00 00000002                   andq $2, %rax                       %rax <- 0x0                                       |          F  D  |        rXw     |                |                |                |
00000399 : 21 10                            movq %rax, %rbx                     %rbx <- 0x0                                       |           F  D |         rXw    |                |                |                |
0000039b : 64 00 00000000                   movq $0, %rax                       %rax <- 0x0                                       |           F  D |         rXw    |                |                |                |
000003a1 : 4e b0 00000000                   call 0x0, %r11                      %r11 <- 0x3a7                                     |           F  D |           w    |                |                |                |
00000000 : 51 70 00000008                   subq $8, %rsp                       %rsp <- 0xffffffffffffffd8                        |            F  D|         rXw    |                |                |                |
00000006 : 39 b7                            movq %r11, (%rsp)                   Memory[ 0xffffffffffffffd8 ] <- 0x3a7             |            F  D|          rAV   |                |                |                |
                                                                                                                      32 /      0 |----------------|----------------|----------------|----------------|----------------|
00000008 : a4 b0 10000000                   leaq 0x10000000, %r11               %r11 <- 0x10000000                                |            F  D|          rXw   |                |                |                |
0000000e : 31 0b                            movq (%r11), %rax                   %rax <- 0xa                                       |                | F  D      rAL  |w               |                |                |
00000010 : 31 b7                            movq (%rsp), %r11                   %r11 <- 0x3a7                                     |                | F  D      rA L | w              |                |                |
00000012 : 50 70 00000008                   addq $8, %rsp                       %rsp <- 0xffffffffffffffe0                        |                | F  D      rXw  |                |                |                |
00000018 : 00 0b                            ret %r11                                                                              |                |  F  D          |rB              |                |                |
000003a7 : 21 40                            movq %rax, %rbp                     %rbp <- 0xa                                       |                |   F  D         |rXw             |                |                |
000003a9 : 21 60                            movq %rax, %rdi                     %rdi <- 0xa                                       |                |   F  D         |rXw             |                |                |
000003ab : 4e b0 00000122                   call 0x122, %r11                    %r11 <- 0x3b1                                     |                |   F  D         |   w            |                |                |
00000122 : 51 70 00000028                   subq $40, %rsp                      %rsp <- 0xffffffffffffffb8                        |                |    F  D        | rXw            |                |                |
00000128 : 7d b7 00000020                   movq %r11, 32(%rsp)                 Memory[ 0xffffffffffffffd8 ] <- 0x3b1             |                |    F  D        |  rAV           |                |                |
0000012e : 7d d7 00000018                   movq %r13, 24(%rsp)                 Memory[ 0xffffffffffffffd0 ] <- 0x0               |                |        F  D    |  rA V          |                |                |
00000134 : 7d c7 00000010                   movq %r12, 16(%rsp)                 Memory[ 0xffffffffffffffc8 ] <- 0x0               |                |        F  D    |  rA  V         |                |                |
0000013a : 7d 47 00000008                   movq %rbp, 8(%rsp)                  Memory[ 0xffffffffffffffc0 ] <- 0xa               |                |         F  D   |   rA  V        |                |                |
00000140 : 39 17                            movq %rbx, (%rsp)                   Memory[ 0xffffffffffffffb8 ] <- 0x0               |                |         F  D   |   rA   V       |                |                |
00000142 : 21 c6                            movq %rdi, %r12                     %r12 <- 0xa                                       |                |          F  D  |   rXw          |                |                |
00000144 : 4e b0 000000fd                   call 0xfd, %r11                     %r11 <- 0x14a                                     |                |          F  D  |      w         |                |                |
                                                                                                                      48 /      0 |----------------|----------------|----------------|----------------|----------------|
000000fd : 51 70 00000008                   subq $8, %rsp                       %rsp <- 0xffffffffffffffb0                        |                |           F  D |    rXw         |                |                |
00000103 : 39 b7                            movq %r11, (%rsp)                   Memory[ 0xffffffffffffffb0 ] <- 0x14a             |                |           F  D |     rA  V      |                |                |
00000105 : a4 b0 00000420                   leaq 0x420, %r11                    %r11 <- 0x420                                     |                |           F  D |     rXw        |                |                |
0000010b : 31 0b                            movq (%r11), %rax                   %rax <- 0x30000000                                |                |            F  D|      rA  L  w  |                |                |
0000010d : 93 30 63                         leaq (%rax, %rdi, 8), %rdx          %rdx <- 0x30000050                                |                |            F  D|            rXw |                |                |
00000110 : a4 b0 00000420                   leaq 0x420, %r11                    %r11 <- 0x420                                     |                |            F  D|            rXw |                |                |
00000116 : 39 3b                            movq %rdx, (%r11)                   Memory[ 0x420 ] <- 0x30000050                     |                |             F  |D            rAV|                |                |
00000118 : 31 b7                            movq (%rsp), %r11                   %r11 <- 0x14a                                     |                |                | F  D        rA |L  w            |                |
0000011a : 50 70 00000008                   addq $8, %rsp                       %rsp <- 0xffffffffffffffb8                        |                |                | F  D        rXw|                |                |
00000120 : 00 0b                            ret %r11                                                                              |                |                |  F  D          |  rB            |                |
0000014a : 21 d0                            movq %rax, %r13                     %r13 <- 0x30000000                                |                |                |   F  D         |  rXw           |                |
0000014c : 64 10 00000000                   movq $0, %rbx                       %rbx <- 0x0                                       |                |                |   F  D         |  rXw           |                |
00000152 : 4f 00 00000177                   jmp 0x177                                                                             |                |                |   F  D         |    B           |                |
00000177 : 46 1c 00000158                   cbg %r12, %rbx, 0x158               <T>                                               |                |                |    F  D        |   rB           |                |
00000158 : b7 4d 13 00000000                leaq 0(%r13, %rbx, 8), %rbp         %rbp <- 0x30000000                                |                |                |     F  D       |   rXw          |                |
0000015f : 64 00 00000000                   movq $0, %rax                       %rax <- 0x0                                       |                |                |     F  D       |    rXw         |                |
                                                                                                                                  |----------------|----------------|----------------|----------------|----------------|

                                                                                                                      64 /     32 |----------------|----------------|----------------|----------------|----------------|
00000165 : 4e b0 0000001a                   call 0x1a, %r11                     %r11 <- 0x16b                                     |     F  D       |      w         |                |                |                |
0000001a : 51 70 00000008                   subq $8, %rsp                       %rsp <- 0xffffffffffffffb0                        |      F  D      |    rXw         |                |                |                |
00000020 : 39 b7                            movq %r11, (%rsp)                   Memory[ 0xffffffffffffffb0 ] <- 0x16b             |      F  D      |     rAV        |                |                |                |
00000022 : a4 b0 10000001                   leaq 0x10000001, %r11               %r11 <- 0x10000001                                |      F  D      |     rXw        |                |                |                |
00000028 : 31 0b                            movq (%r11), %rax                   %rax <- 0x6ed10e27455a61c0                        |       F  D     |      rAL  w    |                |                |                |
0000002a : 31 b7                            movq (%rsp), %r11                   %r11 <- 0x16b                                     |       F  D     |      rA L  w   |                |                |                |
0000002c : 50 70 00000008                   addq $8, %rsp                       %rsp <- 0xffffffffffffffb8                        |       F  D     |      rXw       |                |                |                |
00000032 : 00 0b                            ret %r11                                                                              |             F  |D          rB   |                |                |                |
0000016b : 7d 04 00000000                   movq %rax, 0(%rbp)                  Memory[ 0x30000000 ] <- 0x6ed10e27455a61c0        |              F | D         rAV  |                |                |                |
00000171 : 50 10 00000001                   addq $1, %rbx                       %rbx <- 0x1                                       |              F | D         rXw  |                |                |                |
00000177 : 46 1c 00000158                   cbg %r12, %rbx, 0x158               <T>                                               |              F | D          rB  |                |                |                |
00000158 : b7 4d 13 00000000                leaq 0(%r13, %rbx, 8), %rbp         %rbp <- 0x30000008                                |               F|  D         rXw |                |                |                |
0000015f : 64 00 00000000                   movq $0, %rax                       %rax <- 0x0                                       |                |   F  D     rXw |                |                |                |
00000165 : 4e b0 0000001a                   call 0x1a, %r11                     %r11 <- 0x16b                                     |                |   F  D        w|                |                |                |
0000001a : 51 70 00000008                   subq $8, %rsp                       %rsp <- 0xffffffffffffffb0                        |                |    F  D     rXw|                |                |                |
00000020 : 39 b7                            movq %r11, (%rsp)                   Memory[ 0xffffffffffffffb0 ] <- 0x16b             |                |    F  D      rA|V               |                |                |
                                                                                                                      80 /     32 |----------------|----------------|----------------|----------------|----------------|
00000022 : a4 b0 10000001                   leaq 0x10000001, %r11               %r11 <- 0x10000001                                |                |    F  D      rX|w               |                |                |
00000028 : 31 0b                            movq (%r11), %rax                   %rax <- 0x44f32af5d5dd6819                        |                |     F  D      r|AL  w           |                |                |
0000002a : 31 b7                            movq (%rsp), %r11                   %r11 <- 0x16b                                     |                |     F  D      r|A L  w          |                |                |
0000002c : 50 70 00000008                   addq $8, %rsp                       %rsp <- 0xffffffffffffffb8                        |                |     F  D      r|Xw              |                |                |
00000032 : 00 0b                            ret %r11                                                                              |                |      F  D      |    rB          |                |                |
0000016b : 7d 04 00000000                   movq %rax, 0(%rbp)                  Memory[ 0x30000008 ] <- 0x44f32af5d5dd6819        |                |       F  D     |    rAV         |                |                |
00000171 : 50 10 00000001                   addq $1, %rbx                       %rbx <- 0x2                                       |                |       F  D     |    rXw         |                |                |
00000177 : 46 1c 00000158                   cbg %r12, %rbx, 0x158               <T>                                               |                |       F  D     |     rB         |                |                |
00000158 : b7 4d 13 00000000                leaq 0(%r13, %rbx, 8), %rbp         %rbp <- 0x30000010                                |                |        F  D    |     rXw        |                |                |
0000015f : 64 00 00000000                   movq $0, %rax                       %rax <- 0x0                                       |                |        F  D    |     rXw        |                |                |
00000165 : 4e b0 0000001a                   call 0x1a, %r11                     %r11 <- 0x16b                                     |                |            F  D|        w       |                |                |
0000001a : 51 70 00000008                   subq $8, %rsp                       %rsp <- 0xffffffffffffffb0                        |                |             F  |D     rXw       |                |                |
00000020 : 39 b7                            movq %r11, (%rsp)                   Memory[ 0xffffffffffffffb0 ] <- 0x16b             |                |             F  |D      rAV      |                |                |
00000022 : a4 b0 10000001                   leaq 0x10000001, %r11               %r11 <- 0x10000001                                |                |             F  |D      rXw      |                |                |
00000028 : 31 0b                            movq (%r11), %rax                   %rax <- 0x1ddebf3b2e9b8528                        |                |              F | D      rAL  w  |                |                |
0000002a : 31 b7                            movq (%rsp), %r11                   %r11 <- 0x16b                                     |                |              F | D      rA L  w |                |                |
                                                                                                                                  |----------------|----------------|----------------|----------------|----------------|

                                                                                                                      96 /     48 |----------------|----------------|----------------|----------------|----------------|
0000002c : 50 70 00000008                   addq $8, %rsp                       %rsp <- 0xffffffffffffffb8                        |              F | D      rXw     |                |                |                |
00000032 : 00 0b                            ret %r11                                                                              |               F|  D          rB |                |                |                |
0000016b : 7d 04 00000000                   movq %rax, 0(%rbp)                  Memory[ 0x30000010 ] <- 0x1ddebf3b2e9b8528        |                |F  D         rAV|                |                |                |
00000171 : 50 10 00000001                   addq $1, %rbx                       %rbx <- 0x3                                       |                |F  D         rXw|                |                |                |
00000177 : 46 1c 00000158                   cbg %r12, %rbx, 0x158               <T>                                               |                |F  D          rB|                |                |                |
00000158 : b7 4d 13 00000000                leaq 0(%r13, %rbx, 8), %rbp         %rbp <- 0x30000018                                |                | F  D         rX|w               |                |                |
0000015f : 64 00 00000000                   movq $0, %rax                       %rax <- 0x0                                       |                | F  D         rX|w               |                |                |
00000165 : 4e b0 0000001a                   call 0x1a, %r11                     %r11 <- 0x16b                                     |                |     F  D       | w              |                |                |
0000001a : 51 70 00000008                   subq $8, %rsp                       %rsp <- 0xffffffffffffffb0                        |                |      F  D     r|Xw              |                |                |
00000020 : 39 b7                            movq %r11, (%rsp)                   Memory[ 0xffffffffffffffb0 ] <- 0x16b             |                |      F  D      |rAV             |                |                |
00000022 : a4 b0 10000001                   leaq 0x10000001, %r11               %r11 <- 0x10000001                                |                |      F  D      |rXw             |                |                |
00000028 : 31 0b                            movq (%r11), %rax                   %rax <- 0x5b3fecf47258c4e2                        |                |       F  D     | rAL  w         |                |                |
0000002a : 31 b7                            movq (%rsp), %r11                   %r11 <- 0x16b                                     |                |       F  D     | rA L  w        |                |                |
0000002c : 50 70 00000008                   addq $8, %rsp                       %rsp <- 0xffffffffffffffb8                        |                |       F  D     | rXw            |                |                |
00000032 : 00 0b                            ret %r11                                                                              |                |        F  D    |      rB        |                |                |
0000016b : 7d 04 00000000                   movq %rax, 0(%rbp)                  Memory[ 0x30000018 ] <- 0x5b3fecf47258c4e2        |                |         F  D   |      rAV       |                |                |
                                                                                                                     112 /     48 |----------------|----------------|----------------|----------------|----------------|
00000171 : 50 10 00000001                   addq $1, %rbx                       %rbx <- 0x4                                       |                |         F  D   |      rXw       |                |                |
00000177 : 46 1c 00000158                   cbg %r12, %rbx, 0x158               <T>                                               |                |         F  D   |       rB       |                |                |
00000158 : b7 4d 13 00000000                leaq 0(%r13, %rbx, 8), %rbp         %rbp <- 0x30000020                                |                |          F  D  |       rXw      |                |                |
0000015f : 64 00 00000000                   movq $0, %rax                       %rax <- 0x0                                       |                |          F  D  |       rXw      |                |                |
00000165 : 4e b0 0000001a                   call 0x1a, %r11                     %r11 <- 0x16b                                     |                |              F | D        w     |                |                |
0000001a : 51 70 00000008                   subq $8, %rsp                       %rsp <- 0xffffffffffffffb0                        |                |               F|  D     rXw     |                |                |
00000020 : 39 b7                            movq %r11, (%rsp)                   Memory[ 0xffffffffffffffb0 ] <- 0x16b             |                |               F|  D      rAV    |                |                |
00000022 : a4 b0 10000001                   leaq 0x10000001, %r11               %r11 <- 0x10000001                                |                |               F|  D      rXw    |                |                |
00000028 : 31 0b                            movq (%r11), %rax                   %rax <- 0x7174b0dd9f1872cd                        |                |                |F  D      rAL  w|                |                |
0000002a : 31 b7                            movq (%rsp), %r11                   %r11 <- 0x16b                                     |                |                |F  D      rA L  |w               |                |
0000002c : 50 70 00000008                   addq $8, %rsp                       %rsp <- 0xffffffffffffffb8                        |                |                |F  D      rXw   |                |                |
00000032 : 00 0b                            ret %r11                                                                              |                |                | F  D          r|B               |                |
0000016b : 7d 04 00000000                   movq %rax, 0(%rbp)                  Memory[ 0x30000020 ] <- 0x7174b0dd9f1872cd        |                |                |  F  D         r|AV              |                |
00000171 : 50 10 00000001                   addq $1, %rbx                       %rbx <- 0x5                                       |                |                |  F  D         r|Xw              |                |
00000177 : 46 1c 00000158                   cbg %r12, %rbx, 0x158               <T>                                               |                |                |  F  D          |rB              |                |
00000158 : b7 4d 13 00000000                leaq 0(%r13, %rbx, 8), %rbp         %rbp <- 0x30000028                                |                |                |   F  D         |rXw             |                |
                                                                                                                                  |----------------|----------------|----------------|----------------|----------------|

                                                                                                                     128 /     80 |----------------|----------------|----------------|----------------|----------------|
0000015f : 64 00 00000000                   movq $0, %rax                       %rax <- 0x0                                       |   F  D         |rXw             |                |                |                |
00000165 : 4e b0 0000001a                   call 0x1a, %r11                     %r11 <- 0x16b                                     |       F  D     |   w            |                |                |                |
0000001a : 51 70 00000008                   subq $8, %rsp                       %rsp <- 0xffffffffffffffb0                        |        F  D    | rXw            |                |                |                |
00000020 : 39 b7                            movq %r11, (%rsp)                   Memory[ 0xffffffffffffffb0 ] <- 0x16b             |        F  D    |  rAV           |                |                |                |
00000022 : a4 b0 10000001                   leaq 0x10000001, %r11               %r11 <- 0x10000001                                |        F  D    |  rXw           |                |                |                |
00000028 : 31 0b                            movq (%r11), %rax                   %rax <- 0x6eb1879053e7965c                        |         F  D   |   rAL  w       |                |                |                |
0000002a : 31 b7                            movq (%rsp), %r11                   %r11 <- 0x16b                                     |         F  D   |   rA L  w      |                |                |                |
0000002c : 50 70 00000008                   addq $8, %rsp                       %rsp <- 0xffffffffffffffb8                        |         F  D   |   rXw          |                |                |                |
00000032 : 00 0b                            ret %r11                                                                              |          F  D  |        rB      |                |                |                |
0000016b : 7d 04 00000000                   movq %rax, 0(%rbp)                  Memory[ 0x30000028 ] <- 0x6eb1879053e7965c        |           F  D |        rAV     |                |                |                |
00000171 : 50 10 00000001                   addq $1, %rbx                       %rbx <- 0x6                                       |           F  D |        rXw     |                |                |                |
00000177 : 46 1c 00000158                   cbg %r12, %rbx, 0x158               <T>                                               |           F  D |         rB     |                |                |                |
00000158 : b7 4d 13 00000000                leaq 0(%r13, %rbx, 8), %rbp         %rbp <- 0x30000030                                |            F  D|         rXw    |                |                |                |
0000015f : 64 00 00000000                   movq $0, %rax                       %rax <- 0x0                                       |            F  D|         rXw    |                |                |                |
00000165 : 4e b0 0000001a                   call 0x1a, %r11                     %r11 <- 0x16b                                     |                |F  D        w   |                |                |                |
0000001a : 51 70 00000008                   subq $8, %rsp                       %rsp <- 0xffffffffffffffb0                        |                | F  D     rXw   |                |                |                |
                                                                                                                     144 /     80 |----------------|----------------|----------------|----------------|----------------|
00000020 : 39 b7                            movq %r11, (%rsp)                   Memory[ 0xffffffffffffffb0 ] <- 0x16b             |                | F  D      rAV  |                |                |                |
00000022 : a4 b0 10000001                   leaq 0x10000001, %r11               %r11 <- 0x10000001                                |                | F  D      rXw  |                |                |                |
00000028 : 31 0b                            movq (%r11), %rax                   %rax <- 0x1276292972ad8854                        |                |  F  D      rAL | w              |                |                |
0000002a : 31 b7                            movq (%rsp), %r11                   %r11 <- 0x16b                                     |                |  F  D      rA L|  w             |                |                |
0000002c : 50 70 00000008                   addq $8, %rsp                       %rsp <- 0xffffffffffffffb8                        |                |  F  D      rXw |                |                |                |
00000032 : 00 0b                            ret %r11                                                                              |                |   F  D         | rB             |                |                |
0000016b : 7d 04 00000000                   movq %rax, 0(%rbp)                  Memory[ 0x30000030 ] <- 0x1276292972ad8854        |                |    F  D        | rAV            |                |                |
00000171 : 50 10 00000001                   addq $1, %rbx                       %rbx <- 0x7                                       |                |    F  D        | rXw            |                |                |
00000177 : 46 1c 00000158                   cbg %r12, %rbx, 0x158               <T>                                               |                |    F  D        |  rB            |                |                |
00000158 : b7 4d 13 00000000                leaq 0(%r13, %rbx, 8), %rbp         %rbp <- 0x30000038                                |                |     F  D       |  rXw           |                |                |
0000015f : 64 00 00000000                   movq $0, %rax                       %rax <- 0x0                                       |                |     F  D       |  rXw           |                |                |
00000165 : 4e b0 0000001a                   call 0x1a, %r11                     %r11 <- 0x16b                                     |                |         F  D   |     w          |                |                |
0000001a : 51 70 00000008                   subq $8, %rsp                       %rsp <- 0xffffffffffffffb0                        |                |          F  D  |   rXw          |                |                |
00000020 : 39 b7                            movq %r11, (%rsp)                   Memory[ 0xffffffffffffffb0 ] <- 0x16b             |                |          F  D  |    rAV         |                |                |
00000022 : a4 b0 10000001                   leaq 0x10000001, %r11               %r11 <- 0x10000001                                |                |          F  D  |    rXw         |                |                |
00000028 : 31 0b                            movq (%r11), %rax                   %rax <- 0x71f43c8f80a00279                        |                |           F  D |     rAL  w     |                |                |
                                                                                                                                  |----------------|----------------|----------------|----------------|----------------|

                                                                                                                     160 /     96 |----------------|----------------|----------------|----------------|----------------|
0000002a : 31 b7                            movq (%rsp), %r11                   %r11 <- 0x16b                                     |           F  D |     rA L  w    |                |                |                |
0000002c : 50 70 00000008                   addq $8, %rsp                       %rsp <- 0xffffffffffffffb8                        |           F  D |     rXw        |                |                |                |
00000032 : 00 0b                            ret %r11                                                                              |            F  D|          rB    |                |                |                |
0000016b : 7d 04 00000000                   movq %rax, 0(%rbp)                  Memory[ 0x30000038 ] <- 0x71f43c8f80a00279        |             F  |D         rAV   |                |                |                |
00000171 : 50 10 00000001                   addq $1, %rbx                       %rbx <- 0x8                                       |             F  |D         rXw   |                |                |                |
00000177 : 46 1c 00000158                   cbg %r12, %rbx, 0x158               <T>                                               |             F  |D          rB   |                |                |                |
00000158 : b7 4d 13 00000000                leaq 0(%r13, %rbx, 8), %rbp         %rbp <- 0x30000040                                |              F | D         rXw  |                |                |                |
0000015f : 64 00 00000000                   movq $0, %rax                       %rax <- 0x0                                       |              F | D         rXw  |                |                |                |
00000165 : 4e b0 0000001a                   call 0x1a, %r11                     %r11 <- 0x16b                                     |                |  F  D        w |                |                |                |
0000001a : 51 70 00000008                   subq $8, %rsp                       %rsp <- 0xffffffffffffffb0                        |                |   F  D     rXw |                |                |                |
00000020 : 39 b7                            movq %r11, (%rsp)                   Memory[ 0xffffffffffffffb0 ] <- 0x16b             |                |   F  D      rAV|                |                |                |
00000022 : a4 b0 10000001                   leaq 0x10000001, %r11               %r11 <- 0x10000001                                |                |   F  D      rXw|                |                |                |
00000028 : 31 0b                            movq (%r11), %rax                   %rax <- 0x3f936c81d86586b                         |                |    F  D      rA|L  w            |                |                |
0000002a : 31 b7                            movq (%rsp), %r11                   %r11 <- 0x16b                                     |                |    F  D      rA| L  w           |                |                |
0000002c : 50 70 00000008                   addq $8, %rsp                       %rsp <- 0xffffffffffffffb8                        |                |    F  D      rX|w               |                |                |
00000032 : 00 0b                            ret %r11                                                                              |                |     F  D       |   rB           |                |                |
                                                                                                                     176 /     96 |----------------|----------------|----------------|----------------|----------------|
0000016b : 7d 04 00000000                   movq %rax, 0(%rbp)                  Memory[ 0x30000040 ] <- 0x3f936c81d86586b         |                |      F  D      |   rAV          |                |                |
00000171 : 50 10 00000001                   addq $1, %rbx                       %rbx <- 0x9                                       |                |      F  D      |   rXw          |                |                |
00000177 : 46 1c 00000158                   cbg %r12, %rbx, 0x158               <T>                                               |                |      F  D      |    rB          |                |                |
00000158 : b7 4d 13 00000000                leaq 0(%r13, %rbx, 8), %rbp         %rbp <- 0x30000048                                |                |       F  D     |    rXw         |                |                |
0000015f : 64 00 00000000                   movq $0, %rax                       %rax <- 0x0                                       |                |       F  D     |    rXw         |                |                |
00000165 : 4e b0 0000001a                   call 0x1a, %r11                     %r11 <- 0x16b                                     |                |           F  D |       w        |                |                |
0000001a : 51 70 00000008                   subq $8, %rsp                       %rsp <- 0xffffffffffffffb0                        |                |            F  D|     rXw        |                |                |
00000020 : 39 b7                            movq %r11, (%rsp)                   Memory[ 0xffffffffffffffb0 ] <- 0x16b             |                |            F  D|      rAV       |                |                |
00000022 : a4 b0 10000001                   leaq 0x10000001, %r11               %r11 <- 0x10000001                                |                |            F  D|      rXw       |                |                |
00000028 : 31 0b                            movq (%r11), %rax                   %rax <- 0x2c4cd60d29c74383                        |                |             F  |D      rAL  w   |                |                |
0000002a : 31 b7                            movq (%rsp), %r11                   %r11 <- 0x16b                                     |                |             F  |D      rA L  w  |                |                |
0000002c : 50 70 00000008                   addq $8, %rsp                       %rsp <- 0xffffffffffffffb8                        |                |             F  |D      rXw      |                |                |
00000032 : 00 0b                            ret %r11                                                                              |                |              F | D          rB  |                |                |
0000016b : 7d 04 00000000                   movq %rax, 0(%rbp)                  Memory[ 0x30000048 ] <- 0x2c4cd60d29c74383        |                |               F|  D         rAV |                |                |
00000171 : 50 10 00000001                   addq $1, %rbx                       %rbx <- 0xa                                       |                |               F|  D         rXw |                |                |
00000177 : 46 1c 00000158                   cbg %r12, %rbx, 0x158               <NT>                                              |                |               F|  D          rB |                |                |
                                                                                                                                  |----------------|----------------|----------------|----------------|----------------|

                                                                                                                     192 /    128 |----------------|----------------|----------------|----------------|----------------|
0000017d : 21 0d                            movq %r13, %rax                     %rax <- 0x30000000                                |               F|  D rXw         |                |                |                |
0000017f : 31 17                            movq (%rsp), %rbx                   %rbx <- 0x0                                       |               F|  D rAL  w      |                |                |                |
00000181 : 75 47 00000008                   movq 8(%rsp), %rbp                  %rbp <- 0xa                                       |               F|  D rA L  w     |                |                |                |
00000187 : 75 c7 00000010                   movq 16(%rsp), %r12                 %r12 <- 0x0                                       |                |F  D rA L  w    |                |                |                |
0000018d : 75 d7 00000018                   movq 24(%rsp), %r13                 %r13 <- 0x0                                       |                |F  D rA  L  w   |                |                |                |
00000193 : 75 b7 00000020                   movq 32(%rsp), %r11                 %r11 <- 0x3b1                                     |                |F  D rA   L  w  |                |                |                |
00000199 : 50 70 00000028                   addq $40, %rsp                      %rsp <- 0xffffffffffffffe0                        |                | F  D rXw       |                |                |                |
0000019f : 00 0b                            ret %r11                                                                              |                | F  D       rB  |                |                |                |
000003b1 : f0 10 00000000 000003cb          cbe $0, %rbx, 0x3cb                 <T>                                               |                |  F  D      rB  |                |                |                |
000003cb : 21 64                            movq %rbp, %rdi                     %rdi <- 0xa                                       |                |   F  D     rXw |                |                |                |
000003cd : 4e b0 00000122                   call 0x122, %r11                    %r11 <- 0x3d3                                     |                |   F  D        w|                |                |                |
00000122 : 51 70 00000028                   subq $40, %rsp                      %rsp <- 0xffffffffffffffb8                        |                |    F  D     rXw|                |                |                |
00000128 : 7d b7 00000020                   movq %r11, 32(%rsp)                 Memory[ 0xffffffffffffffd8 ] <- 0x3d3             |                |    F  D      rA|V               |                |                |
0000012e : 7d d7 00000018                   movq %r13, 24(%rsp)                 Memory[ 0xffffffffffffffd0 ] <- 0x0               |                |    F  D      rA| V              |                |                |
00000134 : 7d c7 00000010                   movq %r12, 16(%rsp)                 Memory[ 0xffffffffffffffc8 ] <- 0x0               |                |     F  D     rA|  V             |                |                |
0000013a : 7d 47 00000008                   movq %rbp, 8(%rsp)                  Memory[ 0xffffffffffffffc0 ] <- 0xa               |                |     F  D      r|A  V            |                |                |
                                                                                                                     208 /    128 |----------------|----------------|----------------|----------------|----------------|
00000140 : 39 17                            movq %rbx, (%rsp)                   Memory[ 0xffffffffffffffb8 ] <- 0x0               |                |     F  D      r|A   V           |                |                |
00000142 : 21 c6                            movq %rdi, %r12                     %r12 <- 0xa                                       |                |      F  D     r|Xw              |                |                |
00000144 : 4e b0 000000fd                   call 0xfd, %r11                     %r11 <- 0x14a                                     |                |      F  D      |  w             |                |                |
000000fd : 51 70 00000008                   subq $8, %rsp                       %rsp <- 0xffffffffffffffb0                        |                |       F  D     |rXw             |                |                |
00000103 : 39 b7                            movq %r11, (%rsp)                   Memory[ 0xffffffffffffffb0 ] <- 0x14a             |                |       F  D     | rA  V          |                |                |
00000105 : a4 b0 00000420                   leaq 0x420, %r11                    %r11 <- 0x420                                     |                |       F  D     | rXw            |                |                |
0000010b : 31 0b                            movq (%r11), %rax                   %rax <- 0x30000050                                |                |        F  D    |  rA  L  w      |                |                |
0000010d : 93 30 63                         leaq (%rax, %rdi, 8), %rdx          %rdx <- 0x300000a0                                |                |        F  D    |        rXw     |                |                |
00000110 : a4 b0 00000420                   leaq 0x420, %r11                    %r11 <- 0x420                                     |                |        F  D    |        rXw     |                |                |
00000116 : 39 3b                            movq %rdx, (%r11)                   Memory[ 0x420 ] <- 0x300000a0                     |                |         F  D   |         rAV    |                |                |
00000118 : 31 b7                            movq (%rsp), %r11                   %r11 <- 0x14a                                     |                |             F  |D        rA L  w|                |                |
0000011a : 50 70 00000008                   addq $8, %rsp                       %rsp <- 0xffffffffffffffb8                        |                |             F  |D        rXw    |                |                |
00000120 : 00 0b                            ret %r11                                                                              |                |              F | D            rB|                |                |
0000014a : 21 d0                            movq %rax, %r13                     %r13 <- 0x30000050                                |                |               F|  D           rX|w               |                |
0000014c : 64 10 00000000                   movq $0, %rbx                       %rbx <- 0x0                                       |                |               F|  D           rX|w               |                |
00000152 : 4f 00 00000177                   jmp 0x177                                                                             |                |               F|  D             |B               |                |
                                                                                                                                  |----------------|----------------|----------------|----------------|----------------|

                                                                                                                     224 /    160 |----------------|----------------|----------------|----------------|----------------|
00000177 : 46 1c 00000158                   cbg %r12, %rbx, 0x158               <T>                                               |F  D           r|B               |                |                |                |
00000158 : b7 4d 13 00000000                leaq 0(%r13, %rbx, 8), %rbp         %rbp <- 0x30000050                                | F  D          r|Xw              |                |                |                |
0000015f : 64 00 00000000                   movq $0, %rax                       %rax <- 0x0                                       | F  D           |rXw             |                |                |                |
00000165 : 4e b0 0000001a                   call 0x1a, %r11                     %r11 <- 0x16b                                     | F  D           |  w             |                |                |                |
0000001a : 51 70 00000008                   subq $8, %rsp                       %rsp <- 0xffffffffffffffb0                        |  F  D          |rXw             |                |                |                |
00000020 : 39 b7                            movq %r11, (%rsp)                   Memory[ 0xffffffffffffffb0 ] <- 0x16b             |  F  D          | rAV            |                |                |                |
00000022 : a4 b0 10000001                   leaq 0x10000001, %r11               %r11 <- 0x10000001                                |  F  D          | rXw            |                |                |                |
00000028 : 31 0b                            movq (%r11), %rax                   %rax <- 0x32addb4f19604581                        |   F  D         |  rAL  w        |                |                |                |
0000002a : 31 b7                            movq (%rsp), %r11                   %r11 <- 0x16b                                     |   F  D         |  rA L  w       |                |                |                |
0000002c : 50 70 00000008                   addq $8, %rsp                       %rsp <- 0xffffffffffffffb8                        |   F  D         |  rXw           |                |                |                |
00000032 : 00 0b                            ret %r11                                                                              |         F  D   |       rB       |                |                |                |
0000016b : 7d 04 00000000                   movq %rax, 0(%rbp)                  Memory[ 0x30000050 ] <- 0x32addb4f19604581        |          F  D  |       rAV      |                |                |                |
00000171 : 50 10 00000001                   addq $1, %rbx                       %rbx <- 0x1                                       |          F  D  |       rXw      |                |                |                |
00000177 : 46 1c 00000158                   cbg %r12, %rbx, 0x158               <T>                                               |          F  D  |        rB      |                |                |                |
00000158 : b7 4d 13 00000000                leaq 0(%r13, %rbx, 8), %rbp         %rbp <- 0x30000058                                |           F  D |        rXw     |                |                |                |
0000015f : 64 00 00000000                   movq $0, %rax                       %rax <- 0x0                                       |               F|  D     rXw     |                |                |                |
                                                                                                                     240 /    160 |----------------|----------------|----------------|----------------|----------------|
00000165 : 4e b0 0000001a                   call 0x1a, %r11                     %r11 <- 0x16b                                     |               F|  D        w    |                |                |                |
0000001a : 51 70 00000008                   subq $8, %rsp                       %rsp <- 0xffffffffffffffb0                        |                |F  D     rXw    |                |                |                |
00000020 : 39 b7                            movq %r11, (%rsp)                   Memory[ 0xffffffffffffffb0 ] <- 0x16b             |                |F  D      rAV   |                |                |                |
00000022 : a4 b0 10000001                   leaq 0x10000001, %r11               %r11 <- 0x10000001                                |                |F  D      rXw   |                |                |                |
00000028 : 31 0b                            movq (%r11), %rax                   %rax <- 0x591522b963ad6543                        |                | F  D      rAL  |w               |                |                |
0000002a : 31 b7                            movq (%rsp), %r11                   %r11 <- 0x16b                                     |                | F  D      rA L | w              |                |                |
0000002c : 50 70 00000008                   addq $8, %rsp                       %rsp <- 0xffffffffffffffb8                        |                | F  D      rXw  |                |                |                |
00000032 : 00 0b                            ret %r11                                                                              |                |  F  D          |rB              |                |                |
0000016b : 7d 04 00000000                   movq %rax, 0(%rbp)                  Memory[ 0x30000058 ] <- 0x591522b963ad6543        |                |   F  D         |rAV             |                |                |
00000171 : 50 10 00000001                   addq $1, %rbx                       %rbx <- 0x2                                       |                |   F  D         |rXw             |                |                |
00000177 : 46 1c 00000158                   cbg %r12, %rbx, 0x158               <T>                                               |                |   F  D         | rB             |                |                |
00000158 : b7 4d 13 00000000                leaq 0(%r13, %rbx, 8), %rbp         %rbp <- 0x30000060                                |                |    F  D        | rXw            |                |                |
0000015f : 64 00 00000000                   movq $0, %rax                       %rax <- 0x0                                       |                |    F  D        | rXw            |                |                |
00000165 : 4e b0 0000001a                   call 0x1a, %r11                     %r11 <- 0x16b                                     |                |        F  D    |    w           |                |                |
0000001a : 51 70 00000008                   subq $8, %rsp                       %rsp <- 0xffffffffffffffb0                        |                |         F  D   |  rXw           |                |                |
00000020 : 39 b7                            movq %r11, (%rsp)                   Memory[ 0xffffffffffffffb0 ] <- 0x16b             |                |         F  D   |   rAV          |                |                |
                                                                                                                                  |----------------|----------------|----------------|----------------|----------------|

                                                                                                                     256 /    176 |----------------|----------------|----------------|----------------|----------------|
00000022 : a4 b0 10000001                   leaq 0x10000001, %r11               %r11 <- 0x10000001                                |         F  D   |   rXw          |                |                |                |
00000028 : 31 0b                            movq (%r11), %rax                   %rax <- 0x7af71b9719d474a9                        |          F  D  |    rAL  w      |                |                |                |
0000002a : 31 b7                            movq (%rsp), %r11                   %r11 <- 0x16b                                     |          F  D  |    rA L  w     |                |                |                |
0000002c : 50 70 00000008                   addq $8, %rsp                       %rsp <- 0xffffffffffffffb8                        |          F  D  |    rXw         |                |                |                |
00000032 : 00 0b                            ret %r11                                                                              |           F  D |         rB     |                |                |                |
0000016b : 7d 04 00000000                   movq %rax, 0(%rbp)                  Memory[ 0x30000060 ] <- 0x7af71b9719d474a9        |            F  D|         rAV    |                |                |                |
00000171 : 50 10 00000001                   addq $1, %rbx                       %rbx <- 0x3                                       |            F  D|         rXw    |                |                |                |
00000177 : 46 1c 00000158                   cbg %r12, %rbx, 0x158               <T>                                               |            F  D|          rB    |                |                |                |
00000158 : b7 4d 13 00000000                leaq 0(%r13, %rbx, 8), %rbp         %rbp <- 0x30000068                                |             F  |D         rXw   |                |                |                |
0000015f : 64 00 00000000                   movq $0, %rax                       %rax <- 0x0                                       |             F  |D         rXw   |                |                |                |
00000165 : 4e b0 0000001a                   call 0x1a, %r11                     %r11 <- 0x16b                                     |                | F  D        w  |                |                |                |
0000001a : 51 70 00000008                   subq $8, %rsp                       %rsp <- 0xffffffffffffffb0                        |                |  F  D     rXw  |                |                |                |
00000020 : 39 b7                            movq %r11, (%rsp)                   Memory[ 0xffffffffffffffb0 ] <- 0x16b             |                |  F  D      rAV |                |                |                |
00000022 : a4 b0 10000001                   leaq 0x10000001, %r11               %r11 <- 0x10000001                                |                |  F  D      rXw |                |                |                |
00000028 : 31 0b                            movq (%r11), %rax                   %rax <- 0x75d230fc1debe0c3                        |                |   F  D      rAL|  w             |                |                |
0000002a : 31 b7                            movq (%rsp), %r11                   %r11 <- 0x16b                                     |                |   F  D      rA |L  w            |                |                |
                                                                                                                     272 /    176 |----------------|----------------|----------------|----------------|----------------|
0000002c : 50 70 00000008                   addq $8, %rsp                       %rsp <- 0xffffffffffffffb8                        |                |   F  D      rXw|                |                |                |
00000032 : 00 0b                            ret %r11                                                                              |                |    F  D        |  rB            |                |                |
0000016b : 7d 04 00000000                   movq %rax, 0(%rbp)                  Memory[ 0x30000068 ] <- 0x75d230fc1debe0c3        |                |     F  D       |  rAV           |                |                |
00000171 : 50 10 00000001                   addq $1, %rbx                       %rbx <- 0x4                                       |                |     F  D       |  rXw           |                |                |
00000177 : 46 1c 00000158                   cbg %r12, %rbx, 0x158               <T>                                               |                |     F  D       |   rB           |                |                |
00000158 : b7 4d 13 00000000                leaq 0(%r13, %rbx, 8), %rbp         %rbp <- 0x30000070                                |                |      F  D      |   rXw          |                |                |
0000015f : 64 00 00000000                   movq $0, %rax                       %rax <- 0x0                                       |                |      F  D      |   rXw          |                |                |
00000165 : 4e b0 0000001a                   call 0x1a, %r11                     %r11 <- 0x16b                                     |                |          F  D  |      w         |                |                |
0000001a : 51 70 00000008                   subq $8, %rsp                       %rsp <- 0xffffffffffffffb0                        |                |           F  D |    rXw         |                |                |
00000020 : 39 b7                            movq %r11, (%rsp)                   Memory[ 0xffffffffffffffb0 ] <- 0x16b             |                |           F  D |     rAV        |                |                |
00000022 : a4 b0 10000001                   leaq 0x10000001, %r11               %r11 <- 0x10000001                                |                |           F  D |     rXw        |                |                |
00000028 : 31 0b                            movq (%r11), %rax                   %rax <- 0x4b9aa840b0f0f06f                        |                |            F  D|      rAL  w    |                |                |
0000002a : 31 b7                            movq (%rsp), %r11                   %r11 <- 0x16b                                     |                |            F  D|      rA L  w   |                |                |
0000002c : 50 70 00000008                   addq $8, %rsp                       %rsp <- 0xffffffffffffffb8                        |                |            F  D|      rXw       |                |                |
00000032 : 00 0b                            ret %r11                                                                              |                |             F  |D          rB   |                |                |
0000016b : 7d 04 00000000                   movq %rax, 0(%rbp)                  Memory[ 0x30000070 ] <- 0x4b9aa840b0f0f06f        |                |              F | D         rAV  |                |                |
                                                                                                                                  |----------------|----------------|----------------|----------------|----------------|

                                                                                                                     288 /    192 |----------------|----------------|----------------|----------------|----------------|
00000171 : 50 10 00000001                   addq $1, %rbx                       %rbx <- 0x5                                       |              F | D         rXw  |                |                |                |
00000177 : 46 1c 00000158                   cbg %r12, %rbx, 0x158               <T>                                               |              F | D          rB  |                |                |                |
00000158 : b7 4d 13 00000000                leaq 0(%r13, %rbx, 8), %rbp         %rbp <- 0x30000078                                |               F|  D         rXw |                |                |                |
0000015f : 64 00 00000000                   movq $0, %rax                       %rax <- 0x0                                       |               F|  D         rXw |                |                |                |
00000165 : 4e b0 0000001a                   call 0x1a, %r11                     %r11 <- 0x16b                                     |                |   F  D        w|                |                |                |
0000001a : 51 70 00000008                   subq $8, %rsp                       %rsp <- 0xffffffffffffffb0                        |                |    F  D     rXw|                |                |                |
00000020 : 39 b7                            movq %r11, (%rsp)                   Memory[ 0xffffffffffffffb0 ] <- 0x16b             |                |    F  D      rA|V               |                |                |
00000022 : a4 b0 10000001                   leaq 0x10000001, %r11               %r11 <- 0x10000001                                |                |    F  D      rX|w               |                |                |
00000028 : 31 0b                            movq (%r11), %rax                   %rax <- 0x27b5b4c530b1a7fb                        |                |     F  D      r|AL  w           |                |                |
0000002a : 31 b7                            movq (%rsp), %r11                   %r11 <- 0x16b                                     |                |     F  D      r|A L  w          |                |                |
0000002c : 50 70 00000008                   addq $8, %rsp                       %rsp <- 0xffffffffffffffb8                        |                |     F  D      r|Xw              |                |                |
00000032 : 00 0b                            ret %r11                                                                              |                |      F  D      |    rB          |                |                |
0000016b : 7d 04 00000000                   movq %rax, 0(%rbp)                  Memory[ 0x30000078 ] <- 0x27b5b4c530b1a7fb        |                |       F  D     |    rAV         |                |                |
00000171 : 50 10 00000001                   addq $1, %rbx                       %rbx <- 0x6                                       |                |       F  D     |    rXw         |                |                |
00000177 : 46 1c 00000158                   cbg %r12, %rbx, 0x158               <T>                                               |                |       F  D     |     rB         |                |                |
00000158 : b7 4d 13 00000000                leaq 0(%r13, %rbx, 8), %rbp         %rbp <- 0x30000080                                |                |        F  D    |     rXw        |                |                |
                                                                                                                     304 /    192 |----------------|----------------|----------------|----------------|----------------|
0000015f : 64 00 00000000                   movq $0, %rax                       %rax <- 0x0                                       |                |        F  D    |     rXw        |                |                |
00000165 : 4e b0 0000001a                   call 0x1a, %r11                     %r11 <- 0x16b                                     |                |            F  D|        w       |                |                |
0000001a : 51 70 00000008                   subq $8, %rsp                       %rsp <- 0xffffffffffffffb0                        |                |             F  |D     rXw       |                |                |
00000020 : 39 b7                            movq %r11, (%rsp)                   Memory[ 0xffffffffffffffb0 ] <- 0x16b             |                |             F  |D      rAV      |                |                |
00000022 : a4 b0 10000001                   leaq 0x10000001, %r11               %r11 <- 0x10000001                                |                |             F  |D      rXw      |                |                |
00000028 : 31 0b                            movq (%r11), %rax                   %rax <- 0x4740c96b998c0dba                        |                |              F | D      rAL  w  |                |                |
0000002a : 31 b7                            movq (%rsp), %r11                   %r11 <- 0x16b                                     |                |              F | D      rA L  w |                |                |
0000002c : 50 70 00000008                   addq $8, %rsp                       %rsp <- 0xffffffffffffffb8                        |                |              F | D      rXw     |                |                |
00000032 : 00 0b                            ret %r11                                                                              |                |               F|  D          rB |                |                |
0000016b : 7d 04 00000000                   movq %rax, 0(%rbp)                  Memory[ 0x30000080 ] <- 0x4740c96b998c0dba        |                |                |F  D         rAV|                |                |
00000171 : 50 10 00000001                   addq $1, %rbx                       %rbx <- 0x7                                       |                |                |F  D         rXw|                |                |
00000177 : 46 1c 00000158                   cbg %r12, %rbx, 0x158               <T>                                               |                |                |F  D          rB|                |                |
00000158 : b7 4d 13 00000000                leaq 0(%r13, %rbx, 8), %rbp         %rbp <- 0x30000088                                |                |                | F  D         rX|w               |                |
0000015f : 64 00 00000000                   movq $0, %rax                       %rax <- 0x0                                       |                |                | F  D         rX|w               |                |
00000165 : 4e b0 0000001a                   call 0x1a, %r11                     %r11 <- 0x16b                                     |                |                |     F  D       | w              |                |
0000001a : 51 70 00000008                   subq $8, %rsp                       %rsp <- 0xffffffffffffffb0                        |                |                |      F  D     r|Xw              |                |
                                                                                                                                  |----------------|----------------|----------------|----------------|----------------|

                                                                                                                     320 /    224 |----------------|----------------|----------------|----------------|----------------|
00000020 : 39 b7                            movq %r11, (%rsp)                   Memory[ 0xffffffffffffffb0 ] <- 0x16b             |      F  D      |rAV             |                |                |                |
00000022 : a4 b0 10000001                   leaq 0x10000001, %r11               %r11 <- 0x10000001                                |      F  D      |rXw             |                |                |                |
00000028 : 31 0b                            movq (%r11), %rax                   %rax <- 0x3643c6d222899a9e                        |       F  D     | rAL  w         |                |                |                |
0000002a : 31 b7                            movq (%rsp), %r11                   %r11 <- 0x16b                                     |       F  D     | rA L  w        |                |                |                |
0000002c : 50 70 00000008                   addq $8, %rsp                       %rsp <- 0xffffffffffffffb8                        |       F  D     | rXw            |                |                |                |
00000032 : 00 0b                            ret %r11                                                                              |        F  D    |      rB        |                |                |                |
0000016b : 7d 04 00000000                   movq %rax, 0(%rbp)                  Memory[ 0x30000088 ] <- 0x3643c6d222899a9e        |         F  D   |      rAV       |                |                |                |
00000171 : 50 10 00000001                   addq $1, %rbx                       %rbx <- 0x8                                       |         F  D   |      rXw       |                |                |                |
00000177 : 46 1c 00000158                   cbg %r12, %rbx, 0x158               <T>                                               |         F  D   |       rB       |                |                |                |
00000158 : b7 4d 13 00000000                leaq 0(%r13, %rbx, 8), %rbp         %rbp <- 0x30000090                                |          F  D  |       rXw      |                |                |                |
0000015f : 64 00 00000000                   movq $0, %rax                       %rax <- 0x0                                       |          F  D  |       rXw      |                |                |                |
00000165 : 4e b0 0000001a                   call 0x1a, %r11                     %r11 <- 0x16b                                     |              F | D        w     |                |                |                |
0000001a : 51 70 00000008                   subq $8, %rsp                       %rsp <- 0xffffffffffffffb0                        |               F|  D     rXw     |                |                |                |
00000020 : 39 b7                            movq %r11, (%rsp)                   Memory[ 0xffffffffffffffb0 ] <- 0x16b             |               F|  D      rAV    |                |                |                |
00000022 : a4 b0 10000001                   leaq 0x10000001, %r11               %r11 <- 0x10000001                                |               F|  D      rXw    |                |                |                |
00000028 : 31 0b                            movq (%r11), %rax                   %rax <- 0x8b82e8b6b4f1245                         |                |F  D      rAL  w|                |                |                |
                                                                                                                     336 /    224 |----------------|----------------|----------------|----------------|----------------|
0000002a : 31 b7                            movq (%rsp), %r11                   %r11 <- 0x16b                                     |                |F  D      rA L  |w               |                |                |
0000002c : 50 70 00000008                   addq $8, %rsp                       %rsp <- 0xffffffffffffffb8                        |                |F  D      rXw   |                |                |                |
00000032 : 00 0b                            ret %r11                                                                              |                | F  D          r|B               |                |                |
0000016b : 7d 04 00000000                   movq %rax, 0(%rbp)                  Memory[ 0x30000090 ] <- 0x8b82e8b6b4f1245         |                |  F  D         r|AV              |                |                |
00000171 : 50 10 00000001                   addq $1, %rbx                       %rbx <- 0x9                                       |                |  F  D         r|Xw              |                |                |
00000177 : 46 1c 00000158                   cbg %r12, %rbx, 0x158               <T>                                               |                |  F  D          |rB              |                |                |
00000158 : b7 4d 13 00000000                leaq 0(%r13, %rbx, 8), %rbp         %rbp <- 0x30000098                                |                |   F  D         |rXw             |                |                |
0000015f : 64 00 00000000                   movq $0, %rax                       %rax <- 0x0                                       |                |   F  D         |rXw             |                |                |
00000165 : 4e b0 0000001a                   call 0x1a, %r11                     %r11 <- 0x16b                                     |                |       F  D     |   w            |                |                |
0000001a : 51 70 00000008                   subq $8, %rsp                       %rsp <- 0xffffffffffffffb0                        |                |        F  D    | rXw            |                |                |
00000020 : 39 b7                            movq %r11, (%rsp)                   Memory[ 0xffffffffffffffb0 ] <- 0x16b             |                |        F  D    |  rAV           |                |                |
00000022 : a4 b0 10000001                   leaq 0x10000001, %r11               %r11 <- 0x10000001                                |                |        F  D    |  rXw           |                |                |
00000028 : 31 0b                            movq (%r11), %rax                   %rax <- 0x2fe92ae5a856254e                        |                |         F  D   |   rAL  w       |                |                |
0000002a : 31 b7                            movq (%rsp), %r11                   %r11 <- 0x16b                                     |                |         F  D   |   rA L  w      |                |                |
0000002c : 50 70 00000008                   addq $8, %rsp                       %rsp <- 0xffffffffffffffb8                        |                |         F  D   |   rXw          |                |                |
00000032 : 00 0b                            ret %r11                                                                              |                |          F  D  |        rB      |                |                |
                                                                                                                                  |----------------|----------------|----------------|----------------|----------------|

                                                                                                                     352 /    240 |----------------|----------------|----------------|----------------|----------------|
0000016b : 7d 04 00000000                   movq %rax, 0(%rbp)                  Memory[ 0x30000098 ] <- 0x2fe92ae5a856254e        |           F  D |        rAV     |                |                |                |
00000171 : 50 10 00000001                   addq $1, %rbx                       %rbx <- 0xa                                       |           F  D |        rXw     |                |                |                |
00000177 : 46 1c 00000158                   cbg %r12, %rbx, 0x158               <NT>                                              |           F  D |         rB     |                |                |                |
0000017d : 21 0d                            movq %r13, %rax                     %rax <- 0x30000050                                |                |           F  D |rXw             |                |                |
0000017f : 31 17                            movq (%rsp), %rbx                   %rbx <- 0x0                                       |                |           F  D |rAL  w          |                |                |
00000181 : 75 47 00000008                   movq 8(%rsp), %rbp                  %rbp <- 0xa                                       |                |           F  D |rA L  w         |                |                |
00000187 : 75 c7 00000010                   movq 16(%rsp), %r12                 %r12 <- 0x0                                       |                |            F  D| rA L  w        |                |                |
0000018d : 75 d7 00000018                   movq 24(%rsp), %r13                 %r13 <- 0x0                                       |                |            F  D| rA  L  w       |                |                |
00000193 : 75 b7 00000020                   movq 32(%rsp), %r11                 %r11 <- 0x3d3                                     |                |            F  D| rA   L  w      |                |                |
00000199 : 50 70 00000028                   addq $40, %rsp                      %rsp <- 0xffffffffffffffe0                        |                |             F  |D rXw           |                |                |
0000019f : 00 0b                            ret %r11                                                                              |                |             F  |D       rB      |                |                |
000003d3 : 21 10                            movq %rax, %rbx                     %rbx <- 0x30000050                                |                |              F | D      rXw     |                |                |
000003d5 : a5 34 ffffffff                   leaq -1(%rbp), %rdx                 %rdx <- 0x9                                       |                |              F | D      rXw     |                |                |
000003db : 64 50 00000000                   movq $0, %rsi                       %rsi <- 0x0                                       |                |              F | D       rXw    |                |                |
000003e1 : 21 61                            movq %rbx, %rdi                     %rdi <- 0x30000050                                |                |               F|  D      rXw    |                |                |
000003e3 : 4e b0 00000220                   call 0x220, %r11                    %r11 <- 0x3e9                                     |                |               F|  D        w    |                |                |
                                                                                                                     368 /    240 |----------------|----------------|----------------|----------------|----------------|
00000220 : 51 70 00000010                   subq $16, %rsp                      %rsp <- 0xffffffffffffffd0                        |                |                |F  D     rXw    |                |                |
00000226 : 7d b7 00000008                   movq %r11, 8(%rsp)                  Memory[ 0xffffffffffffffd8 ] <- 0x3e9             |                |                |F  D      rAV   |                |                |
0000022c : 39 f7                            movq %r15, (%rsp)                   Memory[ 0xffffffffffffffd0 ] <- 0x0               |                |                |F  D      rA V  |                |                |
0000022e : 45 53 00000349                   cble %rdx, %rsi, 0x349              <NT>                                              |                |                | F  D     rB    |                |                |
00000234 : 21 83                            movq %rdx, %r8                      %r8  <- 0x9                                       |                |                |            F  D| rXw            |                |
00000236 : 11 85                            subq %rsi, %r8                      %r8  <- 0x9                                       |                |                |            F  D|  rXw           |                |
00000238 : f4 80 00000007 000002ab          cbl $7, %r8, 0x2ab                  <T>                                               |                |                |            F  D|   rB           |                |
000002ab : 51 70 00000018                   subq $24, %rsp                      %rsp <- 0xffffffffffffffb8                        |                |                |             F  |D  rXw          |                |
000002b1 : 7d c7 00000010                   movq %r12, 16(%rsp)                 Memory[ 0xffffffffffffffc8 ] <- 0x0               |                |                |             F  |D   rAV         |                |
000002b7 : 7d 47 00000008                   movq %rbp, 8(%rsp)                  Memory[ 0xffffffffffffffc0 ] <- 0xa               |                |                |             F  |D   rA V        |                |
000002bd : 39 17                            movq %rbx, (%rsp)                   Memory[ 0xffffffffffffffb8 ] <- 0x30000050        |                |                |              F | D  rA  V       |                |
000002bf : 93 05 30                         leaq (%rsi, %rdx, 1), %rax          %rax <- 0x9                                       |                |                |              F | D   rXw        |                |
000002c2 : 56 00 00000001                   sarq $1, %rax                       %rax <- 0x4                                       |                |                |              F | D    rXw       |                |
000002c8 : 93 f6 03                         leaq (%rdi, %rax, 8), %r15          %r15 <- 0x30000070                                |                |                |               F|  D    rXw      |                |
000002cb : 31 9f                            movq (%r15), %r9                    %r9  <- 0x4b9aa840b0f0f06f                        |                |                |               F|  D     rAL  w  |                |
000002cd : a5 a5 ffffffff                   leaq -1(%rsi), %r10                 %r10 <- 0xffffffffffffffff                        |                |                |               F|  D     rXw     |                |
                                                                                                                                  |----------------|----------------|----------------|----------------|----------------|

                                                                                                                     384 /    288 |----------------|----------------|----------------|----------------|----------------|
000002d3 : a5 13 00000001                   leaq 1(%rdx), %rbx                  %rbx <- 0xa                                       |F  D    rXw     |                |                |                |                |
000002d9 : 50 a0 00000001                   addq $1, %r10                       %r10 <- 0x0                                       |F  D     rXw    |                |                |                |                |
000002df : 93 46 a3                         leaq (%rdi, %r10, 8), %rbp          %rbp <- 0x30000050                                |F  D      rXw   |                |                |                |                |
000002e2 : 75 b4 00000000                   movq 0(%rbp), %r11                  %r11 <- 0x32addb4f19604581                        | F  D      rAL  |w               |                |                |                |
000002e8 : 44 9b 000002d9                   cbl %r11, %r9, 0x2d9                <T>                                               | F  D          r|B               |                |                |                |
000002d9 : 50 a0 00000001                   addq $1, %r10                       %r10 <- 0x1                                       |  F  D         r|Xw              |                |                |                |
000002df : 93 46 a3                         leaq (%rdi, %r10, 8), %rbp          %rbp <- 0x30000058                                |  F  D          |rXw             |                |                |                |
000002e2 : 75 b4 00000000                   movq 0(%rbp), %r11                  %r11 <- 0x591522b963ad6543                        |  F  D          | rAL  w         |                |                |                |
000002e8 : 44 9b 000002d9                   cbl %r11, %r9, 0x2d9                <NT>                                              |   F  D         |     rB         |                |                |                |
000002ee : 4f 00 000002f6                   jmp 0x2f6                                                                             |                |       F  D  B  |                |                |                |
000002f6 : a5 01 ffffffff                   leaq -1(%rbx), %rax                 %rax <- 0x9                                       |                |        F  D rXw|                |                |                |
000002fc : 93 26 03                         leaq (%rdi, %rax, 8), %rcx          %rcx <- 0x30000098                                |                |        F  D  rX|w               |                |                |
000002ff : 31 82                            movq (%rcx), %r8                    %r8  <- 0x2fe92ae5a856254e                        |                |        F  D   r|AL  w           |                |                |
00000301 : 46 98 000002f4                   cbg %r8, %r9, 0x2f4                 <NT>                                              |                |         F  D   |   rB           |                |                |
00000307 : 45 a0 0000031d                   cble %rax, %r10, 0x31d              <NT>                                              |                |                |     F  D rB    |                |                |
0000030d : 7d 84 00000000                   movq %r8, 0(%rbp)                   Memory[ 0x30000058 ] <- 0x2fe92ae5a856254e        |                |                |            F  D| rAV            |                |
                                                                                                                     400 /    288 |----------------|----------------|----------------|----------------|----------------|
00000313 : 39 b2                            movq %r11, (%rcx)                   Memory[ 0x30000098 ] <- 0x591522b963ad6543        |                |                |            F  D| rA V           |                |
00000315 : 21 10                            movq %rax, %rbx                     %rbx <- 0x9                                       |                |                |            F  D| rXw            |                |
00000317 : 4f 00 000002d9                   jmp 0x2d9                                                                             |                |                |             F  |D  B            |                |
000002d9 : 50 a0 00000001                   addq $1, %r10                       %r10 <- 0x2                                       |                |                |              F | D rXw          |                |
000002df : 93 46 a3                         leaq (%rdi, %r10, 8), %rbp          %rbp <- 0x30000060                                |                |                |              F | D  rXw         |                |
000002e2 : 75 b4 00000000                   movq 0(%rbp), %r11                  %r11 <- 0x7af71b9719d474a9                        |                |                |              F | D   rAL  w     |                |
000002e8 : 44 9b 000002d9                   cbl %r11, %r9, 0x2d9                <NT>                                              |                |                |               F|  D      rB     |                |
000002ee : 4f 00 000002f6                   jmp 0x2f6                                                                             |                |                |                |           F  D | B              |
000002f6 : a5 01 ffffffff                   leaq -1(%rbx), %rax                 %rax <- 0x8                                       |                |                |                |            F  D| rXw            |
000002fc : 93 26 03                         leaq (%rdi, %rax, 8), %rcx          %rcx <- 0x30000090                                |                |                |                |            F  D|  rXw           |
000002ff : 31 82                            movq (%rcx), %r8                    %r8  <- 0x8b82e8b6b4f1245                         |                |                |                |            F  D|   rAL  w       |
00000301 : 46 98 000002f4                   cbg %r8, %r9, 0x2f4                 <NT>                                              |                |                |                |             F  |D      rB       |
00000307 : 45 a0 0000031d                   cble %rax, %r10, 0x31d              <NT>                                              |                |                |                |                |         F  D rB|
0000030d : 7d 84 00000000                   movq %r8, 0(%rbp)                   Memory[ 0x30000060 ] <- 0x8b82e8b6b4f1245         |                |                |                |                |                |
00000313 : 39 b2                            movq %r11, (%rcx)                   Memory[ 0x30000090 ] <- 0x7af71b9719d474a9        |                |                |                |                |                |
00000315 : 21 10                            movq %rax, %rbx                     %rbx <- 0x8                                       |                |                |                |                |                |
                                                                                                                                  |----------------|----------------|----------------|----------------|----------------|

                                                                                                                     416 /    368 |----------------|----------------|----------------|----------------|----------------|
00000317 : 4f 00 000002d9                   jmp 0x2d9                                                                             | F  D  B        |                |                |                |                |
000002d9 : 50 a0 00000001                   addq $1, %r10                       %r10 <- 0x3                                       |  F  D rXw      |                |                |                |                |
000002df : 93 46 a3                         leaq (%rdi, %r10, 8), %rbp          %rbp <- 0x30000068                                |  F  D  rXw     |                |                |                |                |
000002e2 : 75 b4 00000000                   movq 0(%rbp), %r11                  %r11 <- 0x75d230fc1debe0c3                        |  F  D   rAL  w |                |                |                |                |
000002e8 : 44 9b 000002d9                   cbl %r11, %r9, 0x2d9                <NT>                                              |   F  D      rB |                |                |                |                |
000002ee : 4f 00 000002f6                   jmp 0x2f6                                                                             |               F|  D  B          |                |                |                |
000002f6 : a5 01 ffffffff                   leaq -1(%rbx), %rax                 %rax <- 0x7                                       |                |F  D rXw        |                |                |                |
000002fc : 93 26 03                         leaq (%rdi, %rax, 8), %rcx          %rcx <- 0x30000088                                |                |F  D  rXw       |                |                |                |
000002ff : 31 82                            movq (%rcx), %r8                    %r8  <- 0x3643c6d222899a9e                        |                |F  D   rAL  w   |                |                |                |
00000301 : 46 98 000002f4                   cbg %r8, %r9, 0x2f4                 <NT>                                              |                | F  D      rB   |                |                |                |
00000307 : 45 a0 0000031d                   cble %rax, %r10, 0x31d              <NT>                                              |                |             F  |D rB            |                |                |
0000030d : 7d 84 00000000                   movq %r8, 0(%rbp)                   Memory[ 0x30000068 ] <- 0x3643c6d222899a9e        |                |                |    F  D rAV    |                |                |
00000313 : 39 b2                            movq %r11, (%rcx)                   Memory[ 0x30000088 ] <- 0x75d230fc1debe0c3        |                |                |    F  D rA V   |                |                |
00000315 : 21 10                            movq %rax, %rbx                     %rbx <- 0x7                                       |                |                |    F  D rXw    |                |                |
00000317 : 4f 00 000002d9                   jmp 0x2d9                                                                             |                |                |     F  D  B    |                |                |
000002d9 : 50 a0 00000001                   addq $1, %r10                       %r10 <- 0x4                                       |                |                |      F  D rXw  |                |                |
                                                                                                                     432 /    368 |----------------|----------------|----------------|----------------|----------------|
000002df : 93 46 a3                         leaq (%rdi, %r10, 8), %rbp          %rbp <- 0x30000070                                |                |                |      F  D  rXw |                |                |
000002e2 : 75 b4 00000000                   movq 0(%rbp), %r11                  %r11 <- 0x4b9aa840b0f0f06f                        |                |                |      F  D   rAL|  w             |                |
000002e8 : 44 9b 000002d9                   cbl %r11, %r9, 0x2d9                <NT>                                              |                |                |       F  D     | rB             |                |
000002ee : 4f 00 000002f6                   jmp 0x2f6                                                                             |                |                |                |   F  D  B      |                |
000002f6 : a5 01 ffffffff                   leaq -1(%rbx), %rax                 %rax <- 0x6                                       |                |                |                |    F  D rXw    |                |
000002fc : 93 26 03                         leaq (%rdi, %rax, 8), %rcx          %rcx <- 0x30000080                                |                |                |                |    F  D  rXw   |                |
000002ff : 31 82                            movq (%rcx), %r8                    %r8  <- 0x4740c96b998c0dba                        |                |                |                |    F  D   rAL  |w               |
00000301 : 46 98 000002f4                   cbg %r8, %r9, 0x2f4                 <NT>                                              |                |                |                |     F  D      r|B               |
00000307 : 45 a0 0000031d                   cble %rax, %r10, 0x31d              <NT>                                              |                |                |                |                | F  D rB        |
0000030d : 7d 84 00000000                   movq %r8, 0(%rbp)                   Memory[ 0x30000070 ] <- 0x4740c96b998c0dba        |                |                |                |                |        F  D rAV|
00000313 : 39 b2                            movq %r11, (%rcx)                   Memory[ 0x30000080 ] <- 0x4b9aa840b0f0f06f        |                |                |                |                |        F  D rA |
00000315 : 21 10                            movq %rax, %rbx                     %rbx <- 0x6                                       |                |                |                |                |        F  D rXw|
00000317 : 4f 00 000002d9                   jmp 0x2d9                                                                             |                |                |                |                |         F  D  B|
000002d9 : 50 a0 00000001                   addq $1, %r10                       %r10 <- 0x5                                       |                |                |                |                |          F  D r|
000002df : 93 46 a3                         leaq (%rdi, %r10, 8), %rbp          %rbp <- 0x30000078                                |                |                |                |                |          F  D  |
000002e2 : 75 b4 00000000                   movq 0(%rbp), %r11                  %r11 <- 0x27b5b4c530b1a7fb                        |                |                |                |                |          F  D  |
                                                                                                                                  |----------------|----------------|----------------|----------------|----------------|

                                                                                                                     448 /    432 |----------------|----------------|----------------|----------------|----------------|
000002e8 : 44 9b 000002d9                   cbl %r11, %r9, 0x2d9                <T>                                               |           F  D |     rB         |                |                |                |
000002d9 : 50 a0 00000001                   addq $1, %r10                       %r10 <- 0x6                                       |            F  D|     rXw        |                |                |                |
000002df : 93 46 a3                         leaq (%rdi, %r10, 8), %rbp          %rbp <- 0x30000080                                |            F  D|      rXw       |                |                |                |
000002e2 : 75 b4 00000000                   movq 0(%rbp), %r11                  %r11 <- 0x4b9aa840b0f0f06f                        |            F  D|       rAL  w   |                |                |                |
000002e8 : 44 9b 000002d9                   cbl %r11, %r9, 0x2d9                <NT>                                              |             F  |D          rB   |                |                |                |
000002ee : 4f 00 000002f6                   jmp 0x2f6                                                                             |                |             F  |D  B            |                |                |
000002f6 : a5 01 ffffffff                   leaq -1(%rbx), %rax                 %rax <- 0x5                                       |                |              F | D rXw          |                |                |
000002fc : 93 26 03                         leaq (%rdi, %rax, 8), %rcx          %rcx <- 0x30000078                                |                |              F | D  rXw         |                |                |
000002ff : 31 82                            movq (%rcx), %r8                    %r8  <- 0x27b5b4c530b1a7fb                        |                |              F | D   rAL  w     |                |                |
00000301 : 46 98 000002f4                   cbg %r8, %r9, 0x2f4                 <NT>                                              |                |               F|  D      rB     |                |                |
00000307 : 45 a0 0000031d                   cble %rax, %r10, 0x31d              <T>                                               |                |                |           F  D |rB              |                |
0000031d : 21 c3                            movq %rdx, %r12                     %r12 <- 0x9                                       |                |                |            F  D| rXw            |                |
0000031f : 21 46                            movq %rdi, %rbp                     %rbp <- 0x30000050                                |                |                |            F  D| rXw            |                |
00000321 : 21 30                            movq %rax, %rdx                     %rdx <- 0x5                                       |                |                |            F  D| rXw            |                |
00000323 : 4e b0 00000220                   call 0x220, %r11                    %r11 <- 0x329                                     |                |                |             F  |D   w           |                |
00000220 : 51 70 00000010                   subq $16, %rsp                      %rsp <- 0xffffffffffffffa8                        |                |                |              F | D rXw          |                |
                                                                                                                     464 /    432 |----------------|----------------|----------------|----------------|----------------|
00000226 : 7d b7 00000008                   movq %r11, 8(%rsp)                  Memory[ 0xffffffffffffffb0 ] <- 0x329             |                |                |              F | D  rAV         |                |
0000022c : 39 f7                            movq %r15, (%rsp)                   Memory[ 0xffffffffffffffa8 ] <- 0x30000070        |                |                |              F | D  rA V        |                |
0000022e : 45 53 00000349                   cble %rdx, %rsi, 0x349              <NT>                                              |                |                |               F|  D rB          |                |
00000234 : 21 83                            movq %rdx, %r8                      %r8  <- 0x5                                       |                |                |                |      F  D rXw  |                |
00000236 : 11 85                            subq %rsi, %r8                      %r8  <- 0x5                                       |                |                |                |      F  D  rXw |                |
00000238 : f4 80 00000007 000002ab          cbl $7, %r8, 0x2ab                  <NT>                                              |                |                |                |      F  D   rB |                |
00000242 : 93 26 53                         leaq (%rdi, %rsi, 8), %rcx          %rcx <- 0x30000050                                |                |                |                |               F|  D rXw         |
00000245 : 64 60 00000001                   movq $1, %rdi                       %rdi <- 0x1                                       |                |                |                |               F|  D rXw         |
0000024b : 4f 00 00000295                   jmp 0x295                                                                             |                |                |                |               F|  D  B          |
00000295 : 45 86 00000251                   cble %rdi, %r8, 0x251               <T>                                               |                |                |                |                |F  D rB         |
00000251 : 93 f2 63                         leaq (%rcx, %rdi, 8), %r15          %r15 <- 0x30000058                                |                |                |                |                | F  D rXw       |
00000254 : 31 5f                            movq (%r15), %rsi                   %rsi <- 0x2fe92ae5a856254e                        |                |                |                |                | F  D  rAL  w   |
00000256 : a5 06 ffffffff                   leaq -1(%rdi), %rax                 %rax <- 0x0                                       |                |                |                |                | F  D  rXw      |
0000025c : 4f 00 00000271                   jmp 0x271                                                                             |                |                |                |                |  F  D  B       |
00000271 : f6 00 00000000 00000286          cbg $0, %rax, 0x286                 <NT>                                              |                |                |                |                |   F  D rB      |
0000027b : 93 f2 03                         leaq (%rcx, %rax, 8), %r15          %r15 <- 0x30000050                                |                |                |                |                |          F  D r|
                                                                                                                                  |----------------|----------------|----------------|----------------|----------------|

                                                                                                                     480 /    496 |----------------|----------------|----------------|----------------|----------------|
0000027e : 31 3f                            movq (%r15), %rdx                   %rdx <- 0x32addb4f19604581                        |          F  D  |rAL  w          |                |                |                |
00000280 : 46 53 00000262                   cbg %rdx, %rsi, 0x262               <T>                                               |          F  D  |    rB          |                |                |                |
00000262 : b7 f2 03 00000008                leaq 8(%rcx, %rax, 8), %r15         %r15 <- 0x30000058                                |           F  D |    rXw         |                |                |                |
00000269 : 39 3f                            movq %rdx, (%r15)                   Memory[ 0x30000058 ] <- 0x32addb4f19604581        |           F  D |     rAV        |                |                |                |
0000026b : 51 00 00000001                   subq $1, %rax                       %rax <- 0xffffffffffffffff                        |           F  D |     rXw        |                |                |                |
00000271 : f6 00 00000000 00000286          cbg $0, %rax, 0x286                 <T>                                               |            F  D|      rB        |                |                |                |
00000286 : b7 f2 03 00000008                leaq 8(%rcx, %rax, 8), %r15         %r15 <- 0x30000050                                |             F  |D     rXw       |                |                |                |
0000028d : 39 5f                            movq %rsi, (%r15)                   Memory[ 0x30000050 ] <- 0x2fe92ae5a856254e        |             F  |D      rAV      |                |                |                |
0000028f : 50 60 00000001                   addq $1, %rdi                       %rdi <- 0x2                                       |             F  |D      rXw      |                |                |                |
00000295 : 45 86 00000251                   cble %rdi, %r8, 0x251               <T>                                               |              F | D      rB      |                |                |                |
00000251 : 93 f2 63                         leaq (%rcx, %rdi, 8), %r15          %r15 <- 0x30000060                                |               F|  D     rXw     |                |                |                |
00000254 : 31 5f                            movq (%r15), %rsi                   %rsi <- 0x8b82e8b6b4f1245                         |               F|  D      rAL  w |                |                |                |
00000256 : a5 06 ffffffff                   leaq -1(%rdi), %rax                 %rax <- 0x1                                       |               F|  D      rXw    |                |                |                |
0000025c : 4f 00 00000271                   jmp 0x271                                                                             |                |F  D      B     |                |                |                |
00000271 : f6 00 00000000 00000286          cbg $0, %rax, 0x286                 <NT>                                              |                | F  D     rB    |                |                |                |
0000027b : 93 f2 03                         leaq (%rcx, %rax, 8), %r15          %r15 <- 0x30000058                                |                |            F  D| rXw            |                |                |
                                                                                                                     496 /    496 |----------------|----------------|----------------|----------------|----------------|
0000027e : 31 3f                            movq (%r15), %rdx                   %rdx <- 0x32addb4f19604581                        |                |            F  D|  rAL  w        |                |                |
00000280 : 46 53 00000262                   cbg %rdx, %rsi, 0x262               <T>                                               |                |            F  D|      rB        |                |                |
00000262 : b7 f2 03 00000008                leaq 8(%rcx, %rax, 8), %r15         %r15 <- 0x30000060                                |                |             F  |D     rXw       |                |                |
00000269 : 39 3f                            movq %rdx, (%r15)                   Memory[ 0x30000060 ] <- 0x32addb4f19604581        |                |             F  |D      rAV      |                |                |
0000026b : 51 00 00000001                   subq $1, %rax                       %rax <- 0x0                                       |                |             F  |D      rXw      |                |                |
00000271 : f6 00 00000000 00000286          cbg $0, %rax, 0x286                 <NT>                                              |                |              F | D      rB      |                |                |
0000027b : 93 f2 03                         leaq (%rcx, %rax, 8), %r15          %r15 <- 0x30000050                                |                |                |          F  D r|Xw              |                |
0000027e : 31 3f                            movq (%r15), %rdx                   %rdx <- 0x2fe92ae5a856254e                        |                |                |          F  D  |rAL  w          |                |
00000280 : 46 53 00000262                   cbg %rdx, %rsi, 0x262               <T>                                               |                |                |          F  D  |    rB          |                |
00000262 : b7 f2 03 00000008                leaq 8(%rcx, %rax, 8), %r15         %r15 <- 0x30000058                                |                |                |           F  D |    rXw         |                |
00000269 : 39 3f                            movq %rdx, (%r15)                   Memory[ 0x30000058 ] <- 0x2fe92ae5a856254e        |                |                |           F  D |     rAV        |                |
0000026b : 51 00 00000001                   subq $1, %rax                       %rax <- 0xffffffffffffffff                        |                |                |           F  D |     rXw        |                |
00000271 : f6 00 00000000 00000286          cbg $0, %rax, 0x286                 <T>                                               |                |                |            F  D|      rB        |                |
00000286 : b7 f2 03 00000008                leaq 8(%rcx, %rax, 8), %r15         %r15 <- 0x30000050                                |                |                |             F  |D     rXw       |                |
0000028d : 39 5f                            movq %rsi, (%r15)                   Memory[ 0x30000050 ] <- 0x8b82e8b6b4f1245         |                |                |             F  |D      rAV      |                |
0000028f : 50 60 00000001                   addq $1, %rdi                       %rdi <- 0x3                                       |                |                |             F  |D      rXw      |                |
                                                                                                                                  |----------------|----------------|----------------|----------------|----------------|

                                                                                                                     512 /    528 |----------------|----------------|----------------|----------------|----------------|
00000295 : 45 86 00000251                   cble %rdi, %r8, 0x251               <T>                                               |              F | D      rB      |                |                |                |
00000251 : 93 f2 63                         leaq (%rcx, %rdi, 8), %r15          %r15 <- 0x30000068                                |               F|  D     rXw     |                |                |                |
00000254 : 31 5f                            movq (%r15), %rsi                   %rsi <- 0x3643c6d222899a9e                        |               F|  D      rAL  w |                |                |                |
00000256 : a5 06 ffffffff                   leaq -1(%rdi), %rax                 %rax <- 0x2                                       |               F|  D      rXw    |                |                |                |
0000025c : 4f 00 00000271                   jmp 0x271                                                                             |                |F  D      B     |                |                |                |
00000271 : f6 00 00000000 00000286          cbg $0, %rax, 0x286                 <NT>                                              |                | F  D     rB    |                |                |                |
0000027b : 93 f2 03                         leaq (%rcx, %rax, 8), %r15          %r15 <- 0x30000060                                |                |            F  D| rXw            |                |                |
0000027e : 31 3f                            movq (%r15), %rdx                   %rdx <- 0x32addb4f19604581                        |                |            F  D|  rAL  w        |                |                |
00000280 : 46 53 00000262                   cbg %rdx, %rsi, 0x262               <NT>                                              |                |            F  D|      rB        |                |                |
00000286 : b7 f2 03 00000008                leaq 8(%rcx, %rax, 8), %r15         %r15 <- 0x30000068                                |                |                |        F  D rXw|                |                |
0000028d : 39 5f                            movq %rsi, (%r15)                   Memory[ 0x30000068 ] <- 0x3643c6d222899a9e        |                |                |        F  D  rA|V               |                |
0000028f : 50 60 00000001                   addq $1, %rdi                       %rdi <- 0x4                                       |                |                |        F  D  rX|w               |                |
00000295 : 45 86 00000251                   cble %rdi, %r8, 0x251               <T>                                               |                |                |         F  D  r|B               |                |
00000251 : 93 f2 63                         leaq (%rcx, %rdi, 8), %r15          %r15 <- 0x30000070                                |                |                |          F  D r|Xw              |                |
00000254 : 31 5f                            movq (%r15), %rsi                   %rsi <- 0x4740c96b998c0dba                        |                |                |          F  D  |rAL  w          |                |
00000256 : a5 06 ffffffff                   leaq -1(%rdi), %rax                 %rax <- 0x3                                       |                |                |          F  D  |rXw             |                |
                                                                                                                     528 /    528 |----------------|----------------|----------------|----------------|----------------|
0000025c : 4f 00 00000271                   jmp 0x271                                                                             |                |                |           F  D | B              |                |
00000271 : f6 00 00000000 00000286          cbg $0, %rax, 0x286                 <NT>                                              |                |                |            F  D| rB             |                |
0000027b : 93 f2 03                         leaq (%rcx, %rax, 8), %r15          %r15 <- 0x30000068                                |                |                |                |   F  D rXw     |                |
0000027e : 31 3f                            movq (%r15), %rdx                   %rdx <- 0x3643c6d222899a9e                        |                |                |                |   F  D  rAL  w |                |
00000280 : 46 53 00000262                   cbg %rdx, %rsi, 0x262               <NT>                                              |                |                |                |   F  D      rB |                |
00000286 : b7 f2 03 00000008                leaq 8(%rcx, %rax, 8), %r15         %r15 <- 0x30000070                                |                |                |                |               F|  D rXw         |
0000028d : 39 5f                            movq %rsi, (%r15)                   Memory[ 0x30000070 ] <- 0x4740c96b998c0dba        |                |                |                |               F|  D  rAV        |
0000028f : 50 60 00000001                   addq $1, %rdi                       %rdi <- 0x5                                       |                |                |                |               F|  D  rXw        |
00000295 : 45 86 00000251                   cble %rdi, %r8, 0x251               <T>                                               |                |                |                |                |F  D  rB        |
00000251 : 93 f2 63                         leaq (%rcx, %rdi, 8), %r15          %r15 <- 0x30000078                                |                |                |                |                | F  D rXw       |
00000254 : 31 5f                            movq (%r15), %rsi                   %rsi <- 0x27b5b4c530b1a7fb                        |                |                |                |                | F  D  rAL  w   |
00000256 : a5 06 ffffffff                   leaq -1(%rdi), %rax                 %rax <- 0x4                                       |                |                |                |                | F  D  rXw      |
0000025c : 4f 00 00000271                   jmp 0x271                                                                             |                |                |                |                |  F  D  B       |
00000271 : f6 00 00000000 00000286          cbg $0, %rax, 0x286                 <NT>                                              |                |                |                |                |   F  D rB      |
0000027b : 93 f2 03                         leaq (%rcx, %rax, 8), %r15          %r15 <- 0x30000070                                |                |                |                |                |          F  D r|
0000027e : 31 3f                            movq (%r15), %rdx                   %rdx <- 0x4740c96b998c0dba                        |                |                |                |                |          F  D  |
                                                                                                                                  |----------------|----------------|----------------|----------------|----------------|

                                                                                                                     544 /    592 |----------------|----------------|----------------|----------------|----------------|
00000280 : 46 53 00000262                   cbg %rdx, %rsi, 0x262               <T>                                               |          F  D  |    rB          |                |                |                |
00000262 : b7 f2 03 00000008                leaq 8(%rcx, %rax, 8), %r15         %r15 <- 0x30000078                                |           F  D |    rXw         |                |                |                |
00000269 : 39 3f                            movq %rdx, (%r15)                   Memory[ 0x30000078 ] <- 0x4740c96b998c0dba        |           F  D |     rAV        |                |                |                |
0000026b : 51 00 00000001                   subq $1, %rax                       %rax <- 0x3                                       |           F  D |     rXw        |                |                |                |
00000271 : f6 00 00000000 00000286          cbg $0, %rax, 0x286                 <NT>                                              |            F  D|      rB        |                |                |                |
0000027b : 93 f2 03                         leaq (%rcx, %rax, 8), %r15          %r15 <- 0x30000068                                |                |        F  D rXw|                |                |                |
0000027e : 31 3f                            movq (%r15), %rdx                   %rdx <- 0x3643c6d222899a9e                        |                |        F  D  rA|L  w            |                |                |
00000280 : 46 53 00000262                   cbg %rdx, %rsi, 0x262               <T>                                               |                |        F  D    |  rB            |                |                |
00000262 : b7 f2 03 00000008                leaq 8(%rcx, %rax, 8), %r15         %r15 <- 0x30000070                                |                |         F  D   |  rXw           |                |                |
00000269 : 39 3f                            movq %rdx, (%r15)                   Memory[ 0x30000070 ] <- 0x3643c6d222899a9e        |                |         F  D   |   rAV          |                |                |
0000026b : 51 00 00000001                   subq $1, %rax                       %rax <- 0x2                                       |                |         F  D   |   rXw          |                |                |
00000271 : f6 00 00000000 00000286          cbg $0, %rax, 0x286                 <NT>                                              |                |          F  D  |    rB          |                |                |
0000027b : 93 f2 03                         leaq (%rcx, %rax, 8), %r15          %r15 <- 0x30000060                                |                |                |      F  D rXw  |                |                |
0000027e : 31 3f                            movq (%r15), %rdx                   %rdx <- 0x32addb4f19604581                        |                |                |      F  D  rAL | w              |                |
00000280 : 46 53 00000262                   cbg %rdx, %rsi, 0x262               <T>                                               |                |                |      F  D      |rB              |                |
00000262 : b7 f2 03 00000008                leaq 8(%rcx, %rax, 8), %r15         %r15 <- 0x30000068                                |                |                |       F  D     |rXw             |                |
                                                                                                                     560 /    592 |----------------|----------------|----------------|----------------|----------------|
00000269 : 39 3f                            movq %rdx, (%r15)                   Memory[ 0x30000068 ] <- 0x32addb4f19604581        |                |                |       F  D     | rAV            |                |
0000026b : 51 00 00000001                   subq $1, %rax                       %rax <- 0x1                                       |                |                |       F  D     | rXw            |                |
00000271 : f6 00 00000000 00000286          cbg $0, %rax, 0x286                 <NT>                                              |                |                |        F  D    |  rB            |                |
0000027b : 93 f2 03                         leaq (%rcx, %rax, 8), %r15          %r15 <- 0x30000058                                |                |                |                |    F  D rXw    |                |
0000027e : 31 3f                            movq (%r15), %rdx                   %rdx <- 0x2fe92ae5a856254e                        |                |                |                |    F  D  rAL  w|                |
00000280 : 46 53 00000262                   cbg %rdx, %rsi, 0x262               <T>                                               |                |                |                |    F  D      rB|                |
00000262 : b7 f2 03 00000008                leaq 8(%rcx, %rax, 8), %r15         %r15 <- 0x30000060                                |                |                |                |     F  D     rX|w               |
00000269 : 39 3f                            movq %rdx, (%r15)                   Memory[ 0x30000060 ] <- 0x2fe92ae5a856254e        |                |                |                |     F  D      r|AV              |
0000026b : 51 00 00000001                   subq $1, %rax                       %rax <- 0x0                                       |                |                |                |     F  D      r|Xw              |
00000271 : f6 00 00000000 00000286          cbg $0, %rax, 0x286                 <NT>                                              |                |                |                |      F  D      |rB              |
0000027b : 93 f2 03                         leaq (%rcx, %rax, 8), %r15          %r15 <- 0x30000050                                |                |                |                |                |  F  D rXw      |
0000027e : 31 3f                            movq (%r15), %rdx                   %rdx <- 0x8b82e8b6b4f1245                         |                |                |                |                |  F  D  rAL  w  |
00000280 : 46 53 00000262                   cbg %rdx, %rsi, 0x262               <NT>                                              |                |                |                |                |  F  D      rB  |
00000286 : b7 f2 03 00000008                leaq 8(%rcx, %rax, 8), %r15         %r15 <- 0x30000058                                |                |                |                |                |              F |
0000028d : 39 5f                            movq %rsi, (%r15)                   Memory[ 0x30000058 ] <- 0x27b5b4c530b1a7fb        |                |                |                |                |              F |
0000028f : 50 60 00000001                   addq $1, %rdi                       %rdi <- 0x6                                       |                |                |                |                |              F |
                                                                                                                                  |----------------|----------------|----------------|----------------|----------------|

                                                                                                                     576 /    656 |----------------|----------------|----------------|----------------|----------------|
00000295 : 45 86 00000251                   cble %rdi, %r8, 0x251               <NT>                                              |               F|  D  rB         |                |                |                |
0000029b : 31 f7                            movq (%rsp), %r15                   %r15 <- 0x30000070                                |                |       F  D rAL | w              |                |                |
0000029d : 75 b7 00000008                   movq 8(%rsp), %r11                  %r11 <- 0x329                                     |                |       F  D rA L|  w             |                |                |
000002a3 : 50 70 00000010                   addq $16, %rsp                      %rsp <- 0xffffffffffffffb8                        |                |       F  D rXw |                |                |                |
000002a9 : 00 0b                            ret %r11                                                                              |                |        F  D    | rB             |                |                |
00000329 : 21 3c                            movq %r12, %rdx                     %rdx <- 0x9                                       |                |         F  D   | rXw            |                |                |
0000032b : 21 51                            movq %rbx, %rsi                     %rsi <- 0x6                                       |                |         F  D   | rXw            |                |                |
0000032d : 21 64                            movq %rbp, %rdi                     %rdi <- 0x30000050                                |                |         F  D   |  rXw           |                |                |
0000032f : 4e b0 00000220                   call 0x220, %r11                    %r11 <- 0x335                                     |                |          F  D  |    w           |                |                |
00000220 : 51 70 00000010                   subq $16, %rsp                      %rsp <- 0xffffffffffffffa8                        |                |           F  D |  rXw           |                |                |
00000226 : 7d b7 00000008                   movq %r11, 8(%rsp)                  Memory[ 0xffffffffffffffb0 ] <- 0x335             |                |           F  D |   rAV          |                |                |
0000022c : 39 f7                            movq %r15, (%rsp)                   Memory[ 0xffffffffffffffa8 ] <- 0x30000070        |                |           F  D |   rA V         |                |                |
0000022e : 45 53 00000349                   cble %rdx, %rsi, 0x349              <NT>                                              |                |            F  D|   rB           |                |                |
00000234 : 21 83                            movq %rdx, %r8                      %r8  <- 0x9                                       |                |                |     F  D rXw   |                |                |
00000236 : 11 85                            subq %rsi, %r8                      %r8  <- 0x3                                       |                |                |     F  D  rXw  |                |                |
00000238 : f4 80 00000007 000002ab          cbl $7, %r8, 0x2ab                  <NT>                                              |                |                |     F  D   rB  |                |                |
                                                                                                                     592 /    656 |----------------|----------------|----------------|----------------|----------------|
00000242 : 93 26 53                         leaq (%rdi, %rsi, 8), %rcx          %rcx <- 0x30000080                                |                |                |      F  D  rXw |                |                |
00000245 : 64 60 00000001                   movq $1, %rdi                       %rdi <- 0x1                                       |                |                |      F  D  rXw |                |                |
0000024b : 4f 00 00000295                   jmp 0x295                                                                             |                |                |      F  D    B |                |                |
00000295 : 45 86 00000251                   cble %rdi, %r8, 0x251               <T>                                               |                |                |       F  D  rB |                |                |
00000251 : 93 f2 63                         leaq (%rcx, %rdi, 8), %r15          %r15 <- 0x30000088                                |                |                |        F  D rXw|                |                |
00000254 : 31 5f                            movq (%r15), %rsi                   %rsi <- 0x75d230fc1debe0c3                        |                |                |        F  D  rA|L  w            |                |
00000256 : a5 06 ffffffff                   leaq -1(%rdi), %rax                 %rax <- 0x0                                       |                |                |        F  D  rX|w               |                |
0000025c : 4f 00 00000271                   jmp 0x271                                                                             |                |                |         F  D  B|                |                |
00000271 : f6 00 00000000 00000286          cbg $0, %rax, 0x286                 <NT>                                              |                |                |          F  D r|B               |                |
0000027b : 93 f2 03                         leaq (%rcx, %rax, 8), %r15          %r15 <- 0x30000080                                |                |                |                | F  D rXw       |                |
0000027e : 31 3f                            movq (%r15), %rdx                   %rdx <- 0x4b9aa840b0f0f06f                        |                |                |                | F  D  rAL  w   |                |
00000280 : 46 53 00000262                   cbg %rdx, %rsi, 0x262               <NT>                                              |                |                |                | F  D      rB   |                |
00000286 : b7 f2 03 00000008                leaq 8(%rcx, %rax, 8), %r15         %r15 <- 0x30000088                                |                |                |                |             F  |D rXw           |
0000028d : 39 5f                            movq %rsi, (%r15)                   Memory[ 0x30000088 ] <- 0x75d230fc1debe0c3        |                |                |                |             F  |D  rAV          |
0000028f : 50 60 00000001                   addq $1, %rdi                       %rdi <- 0x2                                       |                |                |                |             F  |D  rXw          |
00000295 : 45 86 00000251                   cble %rdi, %r8, 0x251               <T>                                               |                |                |                |              F | D  rB          |
                                                                                                                                  |----------------|----------------|----------------|----------------|----------------|

                                                                                                                     608 /    704 |----------------|----------------|----------------|----------------|----------------|
00000251 : 93 f2 63                         leaq (%rcx, %rdi, 8), %r15          %r15 <- 0x30000090                                |               F|  D rXw         |                |                |                |
00000254 : 31 5f                            movq (%r15), %rsi                   %rsi <- 0x7af71b9719d474a9                        |               F|  D  rAL  w     |                |                |                |
00000256 : a5 06 ffffffff                   leaq -1(%rdi), %rax                 %rax <- 0x1                                       |               F|  D  rXw        |                |                |                |
0000025c : 4f 00 00000271                   jmp 0x271                                                                             |                |F  D  B         |                |                |                |
00000271 : f6 00 00000000 00000286          cbg $0, %rax, 0x286                 <NT>                                              |                | F  D rB        |                |                |                |
0000027b : 93 f2 03                         leaq (%rcx, %rax, 8), %r15          %r15 <- 0x30000088                                |                |        F  D rXw|                |                |                |
0000027e : 31 3f                            movq (%r15), %rdx                   %rdx <- 0x75d230fc1debe0c3                        |                |        F  D  rA|L  w            |                |                |
00000280 : 46 53 00000262                   cbg %rdx, %rsi, 0x262               <NT>                                              |                |        F  D    |  rB            |                |                |
00000286 : b7 f2 03 00000008                leaq 8(%rcx, %rax, 8), %r15         %r15 <- 0x30000090                                |                |                |    F  D rXw    |                |                |
0000028d : 39 5f                            movq %rsi, (%r15)                   Memory[ 0x30000090 ] <- 0x7af71b9719d474a9        |                |                |    F  D  rAV   |                |                |
0000028f : 50 60 00000001                   addq $1, %rdi                       %rdi <- 0x3                                       |                |                |    F  D  rXw   |                |                |
00000295 : 45 86 00000251                   cble %rdi, %r8, 0x251               <T>                                               |                |                |     F  D  rB   |                |                |
00000251 : 93 f2 63                         leaq (%rcx, %rdi, 8), %r15          %r15 <- 0x30000098                                |                |                |      F  D rXw  |                |                |
00000254 : 31 5f                            movq (%r15), %rsi                   %rsi <- 0x591522b963ad6543                        |                |                |      F  D  rAL | w              |                |
00000256 : a5 06 ffffffff                   leaq -1(%rdi), %rax                 %rax <- 0x2                                       |                |                |      F  D  rXw |                |                |
0000025c : 4f 00 00000271                   jmp 0x271                                                                             |                |                |       F  D  B  |                |                |
                                                                                                                     624 /    704 |----------------|----------------|----------------|----------------|----------------|
00000271 : f6 00 00000000 00000286          cbg $0, %rax, 0x286                 <NT>                                              |                |                |        F  D rB |                |                |
0000027b : 93 f2 03                         leaq (%rcx, %rax, 8), %r15          %r15 <- 0x30000090                                |                |                |        F  D rXw|                |                |
0000027e : 31 3f                            movq (%r15), %rdx                   %rdx <- 0x7af71b9719d474a9                        |                |                |        F  D  rA|L  w            |                |
00000280 : 46 53 00000262                   cbg %rdx, %rsi, 0x262               <T>                                               |                |                |         F  D   |  rB            |                |
00000262 : b7 f2 03 00000008                leaq 8(%rcx, %rax, 8), %r15         %r15 <- 0x30000098                                |                |                |          F  D  |  rXw           |                |
00000269 : 39 3f                            movq %rdx, (%r15)                   Memory[ 0x30000098 ] <- 0x7af71b9719d474a9        |                |                |          F  D  |   rAV          |                |
0000026b : 51 00 00000001                   subq $1, %rax                       %rax <- 0x1                                       |                |                |          F  D  |   rXw          |                |
00000271 : f6 00 00000000 00000286          cbg $0, %rax, 0x286                 <NT>                                              |                |                |           F  D |    rB          |                |
0000027b : 93 f2 03                         leaq (%rcx, %rax, 8), %r15          %r15 <- 0x30000088                                |                |                |                |      F  D rXw  |                |
0000027e : 31 3f                            movq (%r15), %rdx                   %rdx <- 0x75d230fc1debe0c3                        |                |                |                |      F  D  rAL | w              |
00000280 : 46 53 00000262                   cbg %rdx, %rsi, 0x262               <T>                                               |                |                |                |      F  D      |rB              |
00000262 : b7 f2 03 00000008                leaq 8(%rcx, %rax, 8), %r15         %r15 <- 0x30000090                                |                |                |                |       F  D     |rXw             |
00000269 : 39 3f                            movq %rdx, (%r15)                   Memory[ 0x30000090 ] <- 0x75d230fc1debe0c3        |                |                |                |       F  D     | rAV            |
0000026b : 51 00 00000001                   subq $1, %rax                       %rax <- 0x0                                       |                |                |                |       F  D     | rXw            |
00000271 : f6 00 00000000 00000286          cbg $0, %rax, 0x286                 <NT>                                              |                |                |                |        F  D    |  rB            |
0000027b : 93 f2 03                         leaq (%rcx, %rax, 8), %r15          %r15 <- 0x30000080                                |                |                |                |                |    F  D rXw    |
                                                                                                                                  |----------------|----------------|----------------|----------------|----------------|

                                                                                                                     640 /    768 |----------------|----------------|----------------|----------------|----------------|
0000027e : 31 3f                            movq (%r15), %rdx                   %rdx <- 0x4b9aa840b0f0f06f                        |    F  D  rAL  w|                |                |                |                |
00000280 : 46 53 00000262                   cbg %rdx, %rsi, 0x262               <NT>                                              |    F  D      rB|                |                |                |                |
00000286 : b7 f2 03 00000008                leaq 8(%rcx, %rax, 8), %r15         %r15 <- 0x30000088                                |                |F  D rXw        |                |                |                |
0000028d : 39 5f                            movq %rsi, (%r15)                   Memory[ 0x30000088 ] <- 0x591522b963ad6543        |                |F  D  rAV       |                |                |                |
0000028f : 50 60 00000001                   addq $1, %rdi                       %rdi <- 0x4                                       |                |F  D  rXw       |                |                |                |
00000295 : 45 86 00000251                   cble %rdi, %r8, 0x251               <NT>                                              |                | F  D  rB       |                |                |                |
0000029b : 31 f7                            movq (%rsp), %r15                   %r15 <- 0x30000070                                |                |         F  D rA|L  w            |                |                |
0000029d : 75 b7 00000008                   movq 8(%rsp), %r11                  %r11 <- 0x335                                     |                |         F  D rA| L  w           |                |                |
000002a3 : 50 70 00000010                   addq $16, %rsp                      %rsp <- 0xffffffffffffffb8                        |                |         F  D rX|w               |                |                |
000002a9 : 00 0b                            ret %r11                                                                              |                |          F  D  |   rB           |                |                |
00000335 : 31 17                            movq (%rsp), %rbx                   %rbx <- 0x30000050                                |                |           F  D |   rAL  w       |                |                |
00000337 : 75 47 00000008                   movq 8(%rsp), %rbp                  %rbp <- 0xa                                       |                |           F  D |   rA L  w      |                |                |
0000033d : 75 c7 00000010                   movq 16(%rsp), %r12                 %r12 <- 0x0                                       |                |           F  D |    rA L  w     |                |                |
00000343 : 50 70 00000018                   addq $24, %rsp                      %rsp <- 0xffffffffffffffd0                        |                |            F  D|    rXw         |                |                |
00000349 : 31 f7                            movq (%rsp), %r15                   %r15 <- 0x0                                       |                |            F  D|     rA L  w    |                |                |
0000034b : 75 b7 00000008                   movq 8(%rsp), %r11                  %r11 <- 0x3e9                                     |                |            F  D|     rA  L  w   |                |                |
                                                                                                                     656 /    768 |----------------|----------------|----------------|----------------|----------------|
00000351 : 50 70 00000010                   addq $16, %rsp                      %rsp <- 0xffffffffffffffe0                        |                |             F  |D    rXw        |                |                |
00000357 : 00 0b                            ret %r11                                                                              |                |             F  |D          rB   |                |                |
000003e9 : f0 c0 00000000 000003fd          cbe $0, %r12, 0x3fd                 <T>                                               |                |              F | D         rB   |                |                |
000003fd : 21 01                            movq %rbx, %rax                     %rax <- 0x30000050                                |                |               F|  D        rXw  |                |                |
000003ff : 31 17                            movq (%rsp), %rbx                   %rbx <- 0x0                                       |                |               F|  D         rAL | w              |                |
00000401 : 75 47 00000008                   movq 8(%rsp), %rbp                  %rbp <- 0x0                                       |                |               F|  D         rA L|  w             |                |
00000407 : 75 c7 00000010                   movq 16(%rsp), %r12                 %r12 <- 0x0                                       |                |                |F  D        rA  |L  w            |                |
0000040d : 75 b7 00000018                   movq 24(%rsp), %r11                 %r11 <- 0x0                                       |                |                |F  D         rA | L  w           |                |
00000413 : 50 70 00000020                   addq $32, %rsp                      %rsp <- 0x0                                       |                |                |F  D         rXw|                |                |
00000419 : 00 0b                            ret %r11                                                                              |                |                | F  D           |   rB           |                |
Terminating. Return to address 0

Simulation terminated

Branch predictions:       89   miss       42    missrate: 0.471910
Return predictions:       31   miss        0    missrate: 0.000000
L2-Cache reads:       26   writes:        9   miss:       35   missrate: 1.000000
I-Cache reads:       666   writes:        0   miss:       25   missrate: 0.037538
D-Cache reads:       108   writes:       96   miss:       10   missrate: 0.049020
Execution finished at cycle 822 (CPI = 1.234234)
